{"timestamp": "2025-12-20T02:49:22Z", "group_seed": 313131, "usermane": "root", "hash_mode": "", "protection_flags": null, "result": "fail", "latency_ms": 0.5956999957561493}
{"timestamp": "2025-12-20T02:49:22Z", "group_seed": 313131, "usermane": "root", "hash_mode": "", "protection_flags": null, "result": "fail", "latency_ms": 1.4832000015303493}
{"timestamp": "2025-12-20T02:49:22Z", "group_seed": 313131, "usermane": "root", "hash_mode": "", "protection_flags": null, "result": "fail", "latency_ms": 2.1699999924749136}
{"timestamp": "2025-12-20T02:49:22Z", "group_seed": 313131, "usermane": "root", "hash_mode": "", "protection_flags": null, "result": "fail", "latency_ms": 1.534900045953691}
{"timestamp": "2025-12-20T02:49:22Z", "group_seed": 313131, "usermane": "root", "hash_mode": "", "protection_flags": null, "result": "fail", "latency_ms": 2.133700007107109}
{"timestamp": "2025-12-20T02:49:22Z", "group_seed": 313131, "usermane": "root", "hash_mode": "", "protection_flags": null, "result": "fail", "latency_ms": 1.3555999612435699}
{"timestamp": "2025-12-20T02:49:22Z", "group_seed": 313131, "usermane": "root", "hash_mode": "", "protection_flags": null, "result": "fail", "latency_ms": 1.1745999800041318}
{"timestamp": "2025-12-20T02:49:22Z", "group_seed": 313131, "usermane": "root", "hash_mode": "", "protection_flags": null, "result": "fail", "latency_ms": 1.8751999596133828}
{"timestamp": "2025-12-20T02:49:22Z", "group_seed": 313131, "usermane": "root", "hash_mode": "", "protection_flags": null, "result": "fail", "latency_ms": 2.13049998274073}
{"timestamp": "2025-12-20T02:49:22Z", "group_seed": 313131, "usermane": "david", "hash_mode": "", "protection_flags": null, "result": "fail", "latency_ms": 2.1791000035591424}
{"timestamp": "2025-12-20T02:49:22Z", "group_seed": 313131, "usermane": "david", "hash_mode": "", "protection_flags": null, "result": "fail", "latency_ms": 1.074999978300184}
{"timestamp": "2025-12-20T02:49:22Z", "group_seed": 313131, "usermane": "david", "hash_mode": "", "protection_flags": null, "result": "fail", "latency_ms": 2.222199982497841}
{"timestamp": "2025-12-20T02:49:22Z", "group_seed": 313131, "usermane": "david", "hash_mode": "", "protection_flags": null, "result": "fail", "latency_ms": 0.972100009676069}
{"timestamp": "2025-12-20T02:49:23Z", "group_seed": 313131, "usermane": "david", "hash_mode": "", "protection_flags": null, "result": "fail", "latency_ms": 1.033000007737428}
{"timestamp": "2025-12-20T02:49:23Z", "group_seed": 313131, "usermane": "david", "hash_mode": "", "protection_flags": null, "result": "fail", "latency_ms": 0.8439000230282545}
{"timestamp": "2025-12-20T02:49:23Z", "group_seed": 313131, "usermane": "david", "hash_mode": "", "protection_flags": null, "result": "success", "latency_ms": 0.6661000079475343}
{"timestamp": "2025-12-20T02:49:23Z", "group_seed": 313131, "usermane": "moriya", "hash_mode": "", "protection_flags": null, "result": "fail", "latency_ms": 0.5732999998144805}
{"timestamp": "2025-12-20T02:49:23Z", "group_seed": 313131, "usermane": "moriya", "hash_mode": "", "protection_flags": null, "result": "fail", "latency_ms": 2.2911999840289354}
{"timestamp": "2025-12-20T02:49:23Z", "group_seed": 313131, "usermane": "moriya", "hash_mode": "", "protection_flags": null, "result": "fail", "latency_ms": 0.7904000231064856}
{"timestamp": "2025-12-20T02:49:23Z", "group_seed": 313131, "usermane": "moriya", "hash_mode": "", "protection_flags": null, "result": "fail", "latency_ms": 0.8444999693892896}
{"timestamp": "2025-12-20T02:49:23Z", "group_seed": 313131, "usermane": "moriya", "hash_mode": "", "protection_flags": null, "result": "fail", "latency_ms": 1.3137999922037125}
{"timestamp": "2025-12-20T02:49:23Z", "group_seed": 313131, "usermane": "moriya", "hash_mode": "", "protection_flags": null, "result": "fail", "latency_ms": 2.1413000067695975}
{"timestamp": "2025-12-20T02:49:23Z", "group_seed": 313131, "usermane": "moriya", "hash_mode": "", "protection_flags": null, "result": "fail", "latency_ms": 1.9201000104658306}
{"timestamp": "2025-12-20T02:49:23Z", "group_seed": 313131, "usermane": "moriya", "hash_mode": "", "protection_flags": null, "result": "fail", "latency_ms": 1.9711999921128154}
{"timestamp": "2025-12-20T02:49:23Z", "group_seed": 313131, "usermane": "moriya", "hash_mode": "", "protection_flags": null, "result": "success", "latency_ms": 1.902799995150417}
{"timestamp": "2025-12-20T02:49:23Z", "group_seed": 313131, "usermane": "charlie", "hash_mode": "", "protection_flags": null, "result": "fail", "latency_ms": 1.891799969598651}
{"timestamp": "2025-12-20T02:49:23Z", "group_seed": 313131, "usermane": "charlie", "hash_mode": "", "protection_flags": null, "result": "fail", "latency_ms": 1.5923000173643231}
{"timestamp": "2025-12-20T02:49:23Z", "group_seed": 313131, "usermane": "charlie", "hash_mode": "", "protection_flags": null, "result": "fail", "latency_ms": 1.4800999779254198}
{"timestamp": "2025-12-20T02:49:23Z", "group_seed": 313131, "usermane": "charlie", "hash_mode": "", "protection_flags": null, "result": "fail", "latency_ms": 1.6039999900385737}
{"timestamp": "2025-12-20T02:49:23Z", "group_seed": 313131, "usermane": "charlie", "hash_mode": "", "protection_flags": null, "result": "fail", "latency_ms": 0.9384999866597354}
{"timestamp": "2025-12-20T02:49:23Z", "group_seed": 313131, "usermane": "charlie", "hash_mode": "", "protection_flags": null, "result": "fail", "latency_ms": 0.7204000139608979}
{"timestamp": "2025-12-20T02:49:23Z", "group_seed": 313131, "usermane": "charlie", "hash_mode": "", "protection_flags": null, "result": "fail", "latency_ms": 1.6634000348858535}
{"timestamp": "2025-12-20T02:49:24Z", "group_seed": 313131, "usermane": "charlie", "hash_mode": "", "protection_flags": null, "result": "fail", "latency_ms": 0.7261999999172986}
{"timestamp": "2025-12-20T02:49:24Z", "group_seed": 313131, "usermane": "charlie", "hash_mode": "", "protection_flags": null, "result": "fail", "latency_ms": 0.8413000032305717}
{"timestamp": "2025-12-20T02:49:24Z", "group_seed": 313131, "usermane": "georgia", "hash_mode": "", "protection_flags": null, "result": "fail", "latency_ms": 0.6839000270701945}
{"timestamp": "2025-12-20T02:49:24Z", "group_seed": 313131, "usermane": "georgia", "hash_mode": "", "protection_flags": null, "result": "fail", "latency_ms": 1.1618999997153878}
{"timestamp": "2025-12-20T02:49:24Z", "group_seed": 313131, "usermane": "georgia", "hash_mode": "", "protection_flags": null, "result": "fail", "latency_ms": 1.9302999717183411}
{"timestamp": "2025-12-20T02:49:24Z", "group_seed": 313131, "usermane": "georgia", "hash_mode": "", "protection_flags": null, "result": "fail", "latency_ms": 1.5047999913804233}
{"timestamp": "2025-12-20T02:49:24Z", "group_seed": 313131, "usermane": "georgia", "hash_mode": "", "protection_flags": null, "result": "fail", "latency_ms": 0.8650000090710819}
{"timestamp": "2025-12-20T02:49:24Z", "group_seed": 313131, "usermane": "georgia", "hash_mode": "", "protection_flags": null, "result": "fail", "latency_ms": 1.076799992006272}
{"timestamp": "2025-12-20T02:49:24Z", "group_seed": 313131, "usermane": "georgia", "hash_mode": "", "protection_flags": null, "result": "fail", "latency_ms": 1.3217999949119985}
{"timestamp": "2025-12-20T02:49:24Z", "group_seed": 313131, "usermane": "georgia", "hash_mode": "", "protection_flags": null, "result": "fail", "latency_ms": 1.061999995727092}
{"timestamp": "2025-12-20T02:49:24Z", "group_seed": 313131, "usermane": "georgia", "hash_mode": "", "protection_flags": null, "result": "fail", "latency_ms": 0.9048000210896134}
{"timestamp": "2025-12-20T02:49:24Z", "group_seed": 313131, "usermane": "jack", "hash_mode": "", "protection_flags": null, "result": "fail", "latency_ms": 0.7110000005923212}
{"timestamp": "2025-12-20T02:49:24Z", "group_seed": 313131, "usermane": "jack", "hash_mode": "", "protection_flags": null, "result": "fail", "latency_ms": 0.638200028333813}
{"timestamp": "2025-12-20T02:49:24Z", "group_seed": 313131, "usermane": "jack", "hash_mode": "", "protection_flags": null, "result": "fail", "latency_ms": 0.763899995945394}
{"timestamp": "2025-12-20T02:49:24Z", "group_seed": 313131, "usermane": "jack", "hash_mode": "", "protection_flags": null, "result": "fail", "latency_ms": 0.7003999780863523}
{"timestamp": "2025-12-20T02:49:24Z", "group_seed": 313131, "usermane": "jack", "hash_mode": "", "protection_flags": null, "result": "fail", "latency_ms": 0.7274000090546906}
{"timestamp": "2025-12-20T02:49:24Z", "group_seed": 313131, "usermane": "jack", "hash_mode": "", "protection_flags": null, "result": "fail", "latency_ms": 1.007299986667931}
{"timestamp": "2025-12-20T02:49:25Z", "group_seed": 313131, "usermane": "jack", "hash_mode": "", "protection_flags": null, "result": "fail", "latency_ms": 1.5649999841116369}
{"timestamp": "2025-12-20T02:49:25Z", "group_seed": 313131, "usermane": "jack", "hash_mode": "", "protection_flags": null, "result": "fail", "latency_ms": 2.8867999790236354}
{"timestamp": "2025-12-20T02:49:25Z", "group_seed": 313131, "usermane": "jack", "hash_mode": "", "protection_flags": null, "result": "fail", "latency_ms": 0.7603999692946672}
{"timestamp": "2025-12-20T02:49:25Z", "group_seed": 313131, "usermane": "rachel", "hash_mode": "", "protection_flags": null, "result": "fail", "latency_ms": 0.8283000206574798}
{"timestamp": "2025-12-20T02:49:25Z", "group_seed": 313131, "usermane": "rachel", "hash_mode": "", "protection_flags": null, "result": "fail", "latency_ms": 0.9479000000283122}
{"timestamp": "2025-12-20T02:49:25Z", "group_seed": 313131, "usermane": "rachel", "hash_mode": "", "protection_flags": null, "result": "fail", "latency_ms": 1.130299991928041}
{"timestamp": "2025-12-20T02:49:25Z", "group_seed": 313131, "usermane": "rachel", "hash_mode": "", "protection_flags": null, "result": "fail", "latency_ms": 1.2656999751925468}
{"timestamp": "2025-12-20T02:49:25Z", "group_seed": 313131, "usermane": "rachel", "hash_mode": "", "protection_flags": null, "result": "fail", "latency_ms": 1.8926000338979065}
{"timestamp": "2025-12-20T02:49:25Z", "group_seed": 313131, "usermane": "rachel", "hash_mode": "", "protection_flags": null, "result": "fail", "latency_ms": 0.7418000022880733}
{"timestamp": "2025-12-20T02:49:25Z", "group_seed": 313131, "usermane": "rachel", "hash_mode": "", "protection_flags": null, "result": "fail", "latency_ms": 0.7727999472990632}
{"timestamp": "2025-12-20T02:49:25Z", "group_seed": 313131, "usermane": "rachel", "hash_mode": "", "protection_flags": null, "result": "fail", "latency_ms": 0.9984000353142619}
{"timestamp": "2025-12-20T02:49:25Z", "group_seed": 313131, "usermane": "rachel", "hash_mode": "", "protection_flags": null, "result": "fail", "latency_ms": 1.792500028386712}
{"timestamp": "2025-12-20T02:49:25Z", "group_seed": 313131, "usermane": "tina", "hash_mode": "", "protection_flags": null, "result": "fail", "latency_ms": 0.9028000058606267}
{"timestamp": "2025-12-20T02:49:25Z", "group_seed": 313131, "usermane": "tina", "hash_mode": "", "protection_flags": null, "result": "fail", "latency_ms": 2.157100010663271}
{"timestamp": "2025-12-20T02:49:25Z", "group_seed": 313131, "usermane": "tina", "hash_mode": "", "protection_flags": null, "result": "fail", "latency_ms": 2.2013999987393618}
{"timestamp": "2025-12-20T02:49:25Z", "group_seed": 313131, "usermane": "tina", "hash_mode": "", "protection_flags": null, "result": "fail", "latency_ms": 2.521999995224178}
{"timestamp": "2025-12-20T02:49:25Z", "group_seed": 313131, "usermane": "tina", "hash_mode": "", "protection_flags": null, "result": "fail", "latency_ms": 1.1348000261932611}
{"timestamp": "2025-12-20T02:49:26Z", "group_seed": 313131, "usermane": "tina", "hash_mode": "", "protection_flags": null, "result": "fail", "latency_ms": 1.3299999991431832}
{"timestamp": "2025-12-20T02:49:26Z", "group_seed": 313131, "usermane": "tina", "hash_mode": "", "protection_flags": null, "result": "fail", "latency_ms": 2.1652000141330063}
{"timestamp": "2025-12-20T02:49:26Z", "group_seed": 313131, "usermane": "tina", "hash_mode": "", "protection_flags": null, "result": "fail", "latency_ms": 2.403199963737279}
{"timestamp": "2025-12-20T02:49:26Z", "group_seed": 313131, "usermane": "tina", "hash_mode": "", "protection_flags": null, "result": "fail", "latency_ms": 2.752700005657971}
{"timestamp": "2025-12-20T02:49:26Z", "group_seed": 313131, "usermane": "dany", "hash_mode": "", "protection_flags": null, "result": "fail", "latency_ms": 2.5594999897293746}
{"timestamp": "2025-12-20T02:49:26Z", "group_seed": 313131, "usermane": "dany", "hash_mode": "", "protection_flags": null, "result": "fail", "latency_ms": 1.9295000238344073}
{"timestamp": "2025-12-20T02:49:26Z", "group_seed": 313131, "usermane": "dany", "hash_mode": "", "protection_flags": null, "result": "fail", "latency_ms": 2.6174000231549144}
{"timestamp": "2025-12-20T02:49:26Z", "group_seed": 313131, "usermane": "dany", "hash_mode": "", "protection_flags": null, "result": "fail", "latency_ms": 0.7315999828279018}
{"timestamp": "2025-12-20T02:49:26Z", "group_seed": 313131, "usermane": "dany", "hash_mode": "", "protection_flags": null, "result": "fail", "latency_ms": 0.8171999943442643}
{"timestamp": "2025-12-20T02:49:26Z", "group_seed": 313131, "usermane": "dany", "hash_mode": "", "protection_flags": null, "result": "fail", "latency_ms": 0.9890000219456851}
{"timestamp": "2025-12-20T02:49:26Z", "group_seed": 313131, "usermane": "dany", "hash_mode": "", "protection_flags": null, "result": "fail", "latency_ms": 1.0800000163726509}
{"timestamp": "2025-12-20T02:49:26Z", "group_seed": 313131, "usermane": "dany", "hash_mode": "", "protection_flags": null, "result": "fail", "latency_ms": 2.2078999900259078}
{"timestamp": "2025-12-20T02:49:26Z", "group_seed": 313131, "usermane": "dany", "hash_mode": "", "protection_flags": null, "result": "fail", "latency_ms": 2.2980000358074903}
{"timestamp": "2025-12-20T02:49:26Z", "group_seed": 313131, "usermane": "mina", "hash_mode": "", "protection_flags": null, "result": "fail", "latency_ms": 1.756999990902841}
{"timestamp": "2025-12-20T02:49:26Z", "group_seed": 313131, "usermane": "mina", "hash_mode": "", "protection_flags": null, "result": "fail", "latency_ms": 1.2363999849185348}
{"timestamp": "2025-12-20T02:49:26Z", "group_seed": 313131, "usermane": "mina", "hash_mode": "", "protection_flags": null, "result": "fail", "latency_ms": 1.5261999797075987}
{"timestamp": "2025-12-20T02:49:27Z", "group_seed": 313131, "usermane": "mina", "hash_mode": "", "protection_flags": null, "result": "fail", "latency_ms": 0.8703999919816852}
{"timestamp": "2025-12-20T02:49:27Z", "group_seed": 313131, "usermane": "mina", "hash_mode": "", "protection_flags": null, "result": "fail", "latency_ms": 0.8175999973900616}
{"timestamp": "2025-12-20T02:49:27Z", "group_seed": 313131, "usermane": "mina", "hash_mode": "", "protection_flags": null, "result": "fail", "latency_ms": 1.5536000137217343}
{"timestamp": "2025-12-20T02:49:27Z", "group_seed": 313131, "usermane": "mina", "hash_mode": "", "protection_flags": null, "result": "fail", "latency_ms": 2.1563999471254647}
{"timestamp": "2025-12-20T02:49:27Z", "group_seed": 313131, "usermane": "mina", "hash_mode": "", "protection_flags": null, "result": "fail", "latency_ms": 2.509899961296469}
{"timestamp": "2025-12-20T02:49:27Z", "group_seed": 313131, "usermane": "mina", "hash_mode": "", "protection_flags": null, "result": "fail", "latency_ms": 2.0106000010855496}
{"timestamp": "2025-12-20T02:49:27Z", "group_seed": 313131, "usermane": "william", "hash_mode": "", "protection_flags": null, "result": "fail", "latency_ms": 1.3219999964348972}
{"timestamp": "2025-12-20T02:49:27Z", "group_seed": 313131, "usermane": "william", "hash_mode": "", "protection_flags": null, "result": "fail", "latency_ms": 1.3269000337459147}
{"timestamp": "2025-12-20T02:49:27Z", "group_seed": 313131, "usermane": "william", "hash_mode": "", "protection_flags": null, "result": "fail", "latency_ms": 0.7860999903641641}
{"timestamp": "2025-12-20T02:49:27Z", "group_seed": 313131, "usermane": "william", "hash_mode": "", "protection_flags": null, "result": "fail", "latency_ms": 1.9934999872930348}
{"timestamp": "2025-12-20T02:49:27Z", "group_seed": 313131, "usermane": "william", "hash_mode": "", "protection_flags": null, "result": "fail", "latency_ms": 0.6122000049799681}
{"timestamp": "2025-12-20T02:49:27Z", "group_seed": 313131, "usermane": "william", "hash_mode": "", "protection_flags": null, "result": "fail", "latency_ms": 0.7199000101536512}
{"timestamp": "2025-12-20T02:49:27Z", "group_seed": 313131, "usermane": "william", "hash_mode": "", "protection_flags": null, "result": "fail", "latency_ms": 0.6806000019423664}
{"timestamp": "2025-12-20T02:49:27Z", "group_seed": 313131, "usermane": "william", "hash_mode": "", "protection_flags": null, "result": "fail", "latency_ms": 0.833400001283735}
{"timestamp": "2025-12-20T02:49:27Z", "group_seed": 313131, "usermane": "william", "hash_mode": "", "protection_flags": null, "result": "fail", "latency_ms": 0.8319999906234443}
{"timestamp": "2025-12-20T02:49:27Z", "group_seed": 313131, "usermane": "benjamin", "hash_mode": "", "protection_flags": null, "result": "fail", "latency_ms": 0.5647000507451594}
{"timestamp": "2025-12-20T02:49:27Z", "group_seed": 313131, "usermane": "benjamin", "hash_mode": "", "protection_flags": null, "result": "fail", "latency_ms": 0.8174999966286123}
{"timestamp": "2025-12-20T02:49:28Z", "group_seed": 313131, "usermane": "benjamin", "hash_mode": "", "protection_flags": null, "result": "fail", "latency_ms": 0.985699996817857}
{"timestamp": "2025-12-20T02:49:28Z", "group_seed": 313131, "usermane": "benjamin", "hash_mode": "", "protection_flags": null, "result": "fail", "latency_ms": 2.425100014079362}
{"timestamp": "2025-12-20T02:49:28Z", "group_seed": 313131, "usermane": "benjamin", "hash_mode": "", "protection_flags": null, "result": "fail", "latency_ms": 2.216799999587238}
{"timestamp": "2025-12-20T02:49:28Z", "group_seed": 313131, "usermane": "benjamin", "hash_mode": "", "protection_flags": null, "result": "fail", "latency_ms": 1.3800999731756747}
{"timestamp": "2025-12-20T02:49:28Z", "group_seed": 313131, "usermane": "benjamin", "hash_mode": "", "protection_flags": null, "result": "fail", "latency_ms": 0.9880000143311918}
{"timestamp": "2025-12-20T02:49:28Z", "group_seed": 313131, "usermane": "benjamin", "hash_mode": "", "protection_flags": null, "result": "fail", "latency_ms": 0.6810000049881637}
{"timestamp": "2025-12-20T02:49:28Z", "group_seed": 313131, "usermane": "benjamin", "hash_mode": "", "protection_flags": null, "result": "fail", "latency_ms": 0.8846999844536185}
{"timestamp": "2025-12-20T02:49:28Z", "group_seed": 313131, "usermane": "lily", "hash_mode": "", "protection_flags": null, "result": "fail", "latency_ms": 1.2541000032797456}
{"timestamp": "2025-12-20T02:49:28Z", "group_seed": 313131, "usermane": "lily", "hash_mode": "", "protection_flags": null, "result": "fail", "latency_ms": 0.5987000185996294}
{"timestamp": "2025-12-20T02:49:28Z", "group_seed": 313131, "usermane": "lily", "hash_mode": "", "protection_flags": null, "result": "fail", "latency_ms": 0.6229000282473862}
{"timestamp": "2025-12-20T02:49:28Z", "group_seed": 313131, "usermane": "lily", "hash_mode": "", "protection_flags": null, "result": "fail", "latency_ms": 0.7551999879069626}
{"timestamp": "2025-12-20T02:49:28Z", "group_seed": 313131, "usermane": "lily", "hash_mode": "", "protection_flags": null, "result": "fail", "latency_ms": 0.6420999998226762}
{"timestamp": "2025-12-20T02:49:28Z", "group_seed": 313131, "usermane": "lily", "hash_mode": "", "protection_flags": null, "result": "fail", "latency_ms": 1.3092000153847039}
{"timestamp": "2025-12-20T02:49:28Z", "group_seed": 313131, "usermane": "lily", "hash_mode": "", "protection_flags": null, "result": "fail", "latency_ms": 0.9554999996908009}
{"timestamp": "2025-12-20T02:49:28Z", "group_seed": 313131, "usermane": "lily", "hash_mode": "", "protection_flags": null, "result": "fail", "latency_ms": 1.1054999777115881}
{"timestamp": "2025-12-20T02:49:28Z", "group_seed": 313131, "usermane": "lily", "hash_mode": "", "protection_flags": null, "result": "fail", "latency_ms": 0.63699996098876}
{"timestamp": "2025-12-20T02:49:28Z", "group_seed": 313131, "usermane": "yuval", "hash_mode": "", "protection_flags": null, "result": "fail", "latency_ms": 0.8405999979004264}
{"timestamp": "2025-12-20T02:49:28Z", "group_seed": 313131, "usermane": "yuval", "hash_mode": "", "protection_flags": null, "result": "fail", "latency_ms": 1.1560000129975379}
{"timestamp": "2025-12-20T02:49:29Z", "group_seed": 313131, "usermane": "yuval", "hash_mode": "", "protection_flags": null, "result": "fail", "latency_ms": 1.4666999923065305}
{"timestamp": "2025-12-20T02:49:29Z", "group_seed": 313131, "usermane": "yuval", "hash_mode": "", "protection_flags": null, "result": "fail", "latency_ms": 2.5580000365152955}
{"timestamp": "2025-12-20T02:49:29Z", "group_seed": 313131, "usermane": "yuval", "hash_mode": "", "protection_flags": null, "result": "fail", "latency_ms": 0.8765000384300947}
{"timestamp": "2025-12-20T02:49:29Z", "group_seed": 313131, "usermane": "yuval", "hash_mode": "", "protection_flags": null, "result": "fail", "latency_ms": 1.3299999991431832}
{"timestamp": "2025-12-20T02:49:29Z", "group_seed": 313131, "usermane": "yuval", "hash_mode": "", "protection_flags": null, "result": "fail", "latency_ms": 1.5911999507807195}
{"timestamp": "2025-12-20T02:49:29Z", "group_seed": 313131, "usermane": "yuval", "hash_mode": "", "protection_flags": null, "result": "fail", "latency_ms": 0.6641999934799969}
{"timestamp": "2025-12-20T02:49:29Z", "group_seed": 313131, "usermane": "yuval", "hash_mode": "", "protection_flags": null, "result": "fail", "latency_ms": 1.2264000251889229}
{"timestamp": "2025-12-20T02:49:29Z", "group_seed": 313131, "usermane": "shir", "hash_mode": "", "protection_flags": null, "result": "fail", "latency_ms": 0.9486000053584576}
{"timestamp": "2025-12-20T02:49:29Z", "group_seed": 313131, "usermane": "shir", "hash_mode": "", "protection_flags": null, "result": "fail", "latency_ms": 1.0218999814242125}
{"timestamp": "2025-12-20T02:49:29Z", "group_seed": 313131, "usermane": "shir", "hash_mode": "", "protection_flags": null, "result": "fail", "latency_ms": 0.9692999883554876}
{"timestamp": "2025-12-20T02:49:29Z", "group_seed": 313131, "usermane": "shir", "hash_mode": "", "protection_flags": null, "result": "fail", "latency_ms": 1.7282000044360757}
{"timestamp": "2025-12-20T02:49:29Z", "group_seed": 313131, "usermane": "shir", "hash_mode": "", "protection_flags": null, "result": "fail", "latency_ms": 1.274899987038225}
{"timestamp": "2025-12-20T02:49:29Z", "group_seed": 313131, "usermane": "shir", "hash_mode": "", "protection_flags": null, "result": "fail", "latency_ms": 1.9509000121615827}
{"timestamp": "2025-12-20T02:49:29Z", "group_seed": 313131, "usermane": "shir", "hash_mode": "", "protection_flags": null, "result": "fail", "latency_ms": 0.7517999620176852}
{"timestamp": "2025-12-20T02:49:29Z", "group_seed": 313131, "usermane": "shir", "hash_mode": "", "protection_flags": null, "result": "fail", "latency_ms": 0.7192999473772943}
{"timestamp": "2025-12-20T02:49:29Z", "group_seed": 313131, "usermane": "shir", "hash_mode": "", "protection_flags": null, "result": "fail", "latency_ms": 1.1461999965831637}
{"timestamp": "2025-12-20T02:49:29Z", "group_seed": 313131, "usermane": "zoe", "hash_mode": "", "protection_flags": null, "result": "fail", "latency_ms": 1.9035000004805624}
{"timestamp": "2025-12-20T02:49:30Z", "group_seed": 313131, "usermane": "zoe", "hash_mode": "", "protection_flags": null, "result": "fail", "latency_ms": 0.8345999522134662}
{"timestamp": "2025-12-20T02:49:30Z", "group_seed": 313131, "usermane": "zoe", "hash_mode": "", "protection_flags": null, "result": "fail", "latency_ms": 0.8669999660924077}
{"timestamp": "2025-12-20T02:49:30Z", "group_seed": 313131, "usermane": "zoe", "hash_mode": "", "protection_flags": null, "result": "fail", "latency_ms": 0.6441000150516629}
{"timestamp": "2025-12-20T02:49:30Z", "group_seed": 313131, "usermane": "zoe", "hash_mode": "", "protection_flags": null, "result": "fail", "latency_ms": 0.6861999863758683}
{"timestamp": "2025-12-20T02:49:30Z", "group_seed": 313131, "usermane": "zoe", "hash_mode": "", "protection_flags": null, "result": "fail", "latency_ms": 0.8698999881744385}
{"timestamp": "2025-12-20T02:49:30Z", "group_seed": 313131, "usermane": "zoe", "hash_mode": "", "protection_flags": null, "result": "fail", "latency_ms": 1.0307999909855425}
{"timestamp": "2025-12-20T02:49:30Z", "group_seed": 313131, "usermane": "zoe", "hash_mode": "", "protection_flags": null, "result": "fail", "latency_ms": 0.7707999902777374}
{"timestamp": "2025-12-20T02:49:30Z", "group_seed": 313131, "usermane": "zoe", "hash_mode": "", "protection_flags": null, "result": "fail", "latency_ms": 0.811200006864965}
{"timestamp": "2025-12-20T02:49:30Z", "group_seed": 313131, "usermane": "ryen", "hash_mode": "", "protection_flags": null, "result": "fail", "latency_ms": 1.0528999846428633}
{"timestamp": "2025-12-20T02:49:30Z", "group_seed": 313131, "usermane": "ryen", "hash_mode": "", "protection_flags": null, "result": "fail", "latency_ms": 2.2542999940924346}
{"timestamp": "2025-12-20T02:49:30Z", "group_seed": 313131, "usermane": "ryen", "hash_mode": "", "protection_flags": null, "result": "fail", "latency_ms": 0.8243999909609556}
{"timestamp": "2025-12-20T02:49:30Z", "group_seed": 313131, "usermane": "ryen", "hash_mode": "", "protection_flags": null, "result": "fail", "latency_ms": 0.7238000398501754}
{"timestamp": "2025-12-20T02:49:30Z", "group_seed": 313131, "usermane": "ryen", "hash_mode": "", "protection_flags": null, "result": "fail", "latency_ms": 1.0943000088445842}
{"timestamp": "2025-12-20T02:49:30Z", "group_seed": 313131, "usermane": "ryen", "hash_mode": "", "protection_flags": null, "result": "fail", "latency_ms": 4.137000010814518}
{"timestamp": "2025-12-20T02:49:30Z", "group_seed": 313131, "usermane": "ryen", "hash_mode": "", "protection_flags": null, "result": "fail", "latency_ms": 0.963500002399087}
{"timestamp": "2025-12-20T02:49:30Z", "group_seed": 313131, "usermane": "ryen", "hash_mode": "", "protection_flags": null, "result": "fail", "latency_ms": 1.5987000078894198}
{"timestamp": "2025-12-20T02:49:30Z", "group_seed": 313131, "usermane": "ryen", "hash_mode": "", "protection_flags": null, "result": "fail", "latency_ms": 1.134699967224151}
{"timestamp": "2025-12-20T02:49:31Z", "group_seed": 313131, "usermane": "christopher", "hash_mode": "", "protection_flags": null, "result": "fail", "latency_ms": 1.1369999847374856}
{"timestamp": "2025-12-20T02:49:31Z", "group_seed": 313131, "usermane": "christopher", "hash_mode": "", "protection_flags": null, "result": "fail", "latency_ms": 1.906600024085492}
{"timestamp": "2025-12-20T02:49:31Z", "group_seed": 313131, "usermane": "christopher", "hash_mode": "", "protection_flags": null, "result": "fail", "latency_ms": 1.3097000191919506}
{"timestamp": "2025-12-20T02:49:31Z", "group_seed": 313131, "usermane": "christopher", "hash_mode": "", "protection_flags": null, "result": "fail", "latency_ms": 1.2898999848403037}
{"timestamp": "2025-12-20T02:49:31Z", "group_seed": 313131, "usermane": "christopher", "hash_mode": "", "protection_flags": null, "result": "fail", "latency_ms": 0.5666000070050359}
{"timestamp": "2025-12-20T02:49:31Z", "group_seed": 313131, "usermane": "christopher", "hash_mode": "", "protection_flags": null, "result": "fail", "latency_ms": 0.6155000301077962}
{"timestamp": "2025-12-20T02:49:31Z", "group_seed": 313131, "usermane": "christopher", "hash_mode": "", "protection_flags": null, "result": "fail", "latency_ms": 0.8104000007733703}
{"timestamp": "2025-12-20T02:49:31Z", "group_seed": 313131, "usermane": "christopher", "hash_mode": "", "protection_flags": null, "result": "fail", "latency_ms": 0.9879000135697424}
{"timestamp": "2025-12-20T02:49:31Z", "group_seed": 313131, "usermane": "christopher", "hash_mode": "", "protection_flags": null, "result": "fail", "latency_ms": 1.3850000104866922}
{"timestamp": "2025-12-20T02:49:31Z", "group_seed": 313131, "usermane": "michael", "hash_mode": "", "protection_flags": null, "result": "fail", "latency_ms": 0.8932000491768122}
{"timestamp": "2025-12-20T02:49:31Z", "group_seed": 313131, "usermane": "michael", "hash_mode": "", "protection_flags": null, "result": "fail", "latency_ms": 1.0195000213570893}
{"timestamp": "2025-12-20T02:49:31Z", "group_seed": 313131, "usermane": "michael", "hash_mode": "", "protection_flags": null, "result": "fail", "latency_ms": 1.4432999887503684}
{"timestamp": "2025-12-20T02:49:31Z", "group_seed": 313131, "usermane": "michael", "hash_mode": "", "protection_flags": null, "result": "fail", "latency_ms": 1.1069000465795398}
{"timestamp": "2025-12-20T02:49:31Z", "group_seed": 313131, "usermane": "michael", "hash_mode": "", "protection_flags": null, "result": "fail", "latency_ms": 1.637500012293458}
{"timestamp": "2025-12-20T02:49:31Z", "group_seed": 313131, "usermane": "michael", "hash_mode": "", "protection_flags": null, "result": "fail", "latency_ms": 0.6194000015966594}
{"timestamp": "2025-12-20T02:49:31Z", "group_seed": 313131, "usermane": "michael", "hash_mode": "", "protection_flags": null, "result": "fail", "latency_ms": 0.7556999917142093}
{"timestamp": "2025-12-20T02:49:31Z", "group_seed": 313131, "usermane": "michael", "hash_mode": "", "protection_flags": null, "result": "fail", "latency_ms": 1.7447000136598945}
{"timestamp": "2025-12-20T02:49:32Z", "group_seed": 313131, "usermane": "michael", "hash_mode": "", "protection_flags": null, "result": "fail", "latency_ms": 1.7084999708458781}
{"timestamp": "2025-12-20T02:49:32Z", "group_seed": 313131, "usermane": "leo", "hash_mode": "", "protection_flags": null, "result": "fail", "latency_ms": 0.756199995521456}
{"timestamp": "2025-12-20T02:49:32Z", "group_seed": 313131, "usermane": "leo", "hash_mode": "", "protection_flags": null, "result": "fail", "latency_ms": 0.706499966327101}
{"timestamp": "2025-12-20T02:49:32Z", "group_seed": 313131, "usermane": "leo", "hash_mode": "", "protection_flags": null, "result": "fail", "latency_ms": 1.2214999878779054}
{"timestamp": "2025-12-20T02:49:32Z", "group_seed": 313131, "usermane": "leo", "hash_mode": "", "protection_flags": null, "result": "fail", "latency_ms": 0.9024000028148293}
{"timestamp": "2025-12-20T02:49:32Z", "group_seed": 313131, "usermane": "leo", "hash_mode": "", "protection_flags": null, "result": "fail", "latency_ms": 0.7106999983079731}
{"timestamp": "2025-12-20T02:49:32Z", "group_seed": 313131, "usermane": "leo", "hash_mode": "", "protection_flags": null, "result": "fail", "latency_ms": 0.6723999977111816}
{"timestamp": "2025-12-20T02:49:32Z", "group_seed": 313131, "usermane": "leo", "hash_mode": "", "protection_flags": null, "result": "fail", "latency_ms": 0.7319999858736992}
{"timestamp": "2025-12-20T02:49:32Z", "group_seed": 313131, "usermane": "leo", "hash_mode": "", "protection_flags": null, "result": "fail", "latency_ms": 0.9337000083178282}
{"timestamp": "2025-12-20T02:49:32Z", "group_seed": 313131, "usermane": "leo", "hash_mode": "", "protection_flags": null, "result": "fail", "latency_ms": 0.7378000300377607}
{"timestamp": "2025-12-20T02:49:32Z", "group_seed": 313131, "usermane": "admin", "hash_mode": "", "protection_flags": null, "result": "fail", "latency_ms": 0.6630999851040542}
{"timestamp": "2025-12-20T02:49:32Z", "group_seed": 313131, "usermane": "admin", "hash_mode": "", "protection_flags": null, "result": "fail", "latency_ms": 0.838699983432889}
{"timestamp": "2025-12-20T02:49:32Z", "group_seed": 313131, "usermane": "admin", "hash_mode": "", "protection_flags": null, "result": "fail", "latency_ms": 1.0898999753408134}
{"timestamp": "2025-12-20T02:49:32Z", "group_seed": 313131, "usermane": "admin", "hash_mode": "", "protection_flags": null, "result": "fail", "latency_ms": 2.1859999978914857}
{"timestamp": "2025-12-20T02:49:32Z", "group_seed": 313131, "usermane": "admin", "hash_mode": "", "protection_flags": null, "result": "fail", "latency_ms": 1.2657000334002078}
{"timestamp": "2025-12-20T02:49:32Z", "group_seed": 313131, "usermane": "admin", "hash_mode": "", "protection_flags": null, "result": "fail", "latency_ms": 2.021700027398765}
{"timestamp": "2025-12-20T02:49:32Z", "group_seed": 313131, "usermane": "admin", "hash_mode": "", "protection_flags": null, "result": "fail", "latency_ms": 2.3717000149190426}
{"timestamp": "2025-12-20T02:49:33Z", "group_seed": 313131, "usermane": "admin", "hash_mode": "", "protection_flags": null, "result": "fail", "latency_ms": 1.2132000410929322}
{"timestamp": "2025-12-20T02:49:33Z", "group_seed": 313131, "usermane": "admin", "hash_mode": "", "protection_flags": null, "result": "fail", "latency_ms": 1.076199987437576}
{"timestamp": "2025-12-20T02:49:33Z", "group_seed": 313131, "usermane": "jeremy", "hash_mode": "", "protection_flags": null, "result": "fail", "latency_ms": 1.7340999911539257}
{"timestamp": "2025-12-20T02:49:33Z", "group_seed": 313131, "usermane": "jeremy", "hash_mode": "", "protection_flags": null, "result": "fail", "latency_ms": 1.9877000013366342}
{"timestamp": "2025-12-20T02:49:33Z", "group_seed": 313131, "usermane": "jeremy", "hash_mode": "", "protection_flags": null, "result": "fail", "latency_ms": 1.829399960115552}
{"timestamp": "2025-12-20T02:49:33Z", "group_seed": 313131, "usermane": "jeremy", "hash_mode": "", "protection_flags": null, "result": "fail", "latency_ms": 0.6680999649688601}
{"timestamp": "2025-12-20T02:49:33Z", "group_seed": 313131, "usermane": "jeremy", "hash_mode": "", "protection_flags": null, "result": "fail", "latency_ms": 0.7976999622769654}
{"timestamp": "2025-12-20T02:49:33Z", "group_seed": 313131, "usermane": "jeremy", "hash_mode": "", "protection_flags": null, "result": "fail", "latency_ms": 0.7844999781809747}
{"timestamp": "2025-12-20T02:49:33Z", "group_seed": 313131, "usermane": "jeremy", "hash_mode": "", "protection_flags": null, "result": "fail", "latency_ms": 0.9306000429205596}
{"timestamp": "2025-12-20T02:49:33Z", "group_seed": 313131, "usermane": "jeremy", "hash_mode": "", "protection_flags": null, "result": "fail", "latency_ms": 0.9518999722786248}
{"timestamp": "2025-12-20T02:49:33Z", "group_seed": 313131, "usermane": "jeremy", "hash_mode": "", "protection_flags": null, "result": "fail", "latency_ms": 0.7559999939985573}
{"timestamp": "2025-12-20T02:49:33Z", "group_seed": 313131, "usermane": "mark", "hash_mode": "", "protection_flags": null, "result": "fail", "latency_ms": 0.8381999796256423}
{"timestamp": "2025-12-20T02:49:33Z", "group_seed": 313131, "usermane": "mark", "hash_mode": "", "protection_flags": null, "result": "fail", "latency_ms": 1.3621000107377768}
{"timestamp": "2025-12-20T02:49:33Z", "group_seed": 313131, "usermane": "mark", "hash_mode": "", "protection_flags": null, "result": "fail", "latency_ms": 0.8536999812349677}
{"timestamp": "2025-12-20T02:49:33Z", "group_seed": 313131, "usermane": "mark", "hash_mode": "", "protection_flags": null, "result": "fail", "latency_ms": 0.8382999803870916}
{"timestamp": "2025-12-20T02:49:33Z", "group_seed": 313131, "usermane": "mark", "hash_mode": "", "protection_flags": null, "result": "fail", "latency_ms": 0.8307999814860523}
{"timestamp": "2025-12-20T02:49:33Z", "group_seed": 313131, "usermane": "mark", "hash_mode": "", "protection_flags": null, "result": "fail", "latency_ms": 0.7849999819882214}
{"timestamp": "2025-12-20T02:49:33Z", "group_seed": 313131, "usermane": "mark", "hash_mode": "", "protection_flags": null, "result": "fail", "latency_ms": 0.8133999654091895}
{"timestamp": "2025-12-20T02:49:34Z", "group_seed": 313131, "usermane": "mark", "hash_mode": "", "protection_flags": null, "result": "fail", "latency_ms": 1.0519000352360308}
{"timestamp": "2025-12-20T02:49:34Z", "group_seed": 313131, "usermane": "mark", "hash_mode": "", "protection_flags": null, "result": "fail", "latency_ms": 1.060499984305352}
{"timestamp": "2025-12-20T02:49:34Z", "group_seed": 313131, "usermane": "jason", "hash_mode": "", "protection_flags": null, "result": "fail", "latency_ms": 1.1909999884665012}
{"timestamp": "2025-12-20T02:49:34Z", "group_seed": 313131, "usermane": "jason", "hash_mode": "", "protection_flags": null, "result": "fail", "latency_ms": 0.8766000391915441}
{"timestamp": "2025-12-20T02:49:34Z", "group_seed": 313131, "usermane": "jason", "hash_mode": "", "protection_flags": null, "result": "fail", "latency_ms": 0.7667000172659755}
{"timestamp": "2025-12-20T02:49:34Z", "group_seed": 313131, "usermane": "jason", "hash_mode": "", "protection_flags": null, "result": "fail", "latency_ms": 0.825700000859797}
{"timestamp": "2025-12-20T02:49:34Z", "group_seed": 313131, "usermane": "jason", "hash_mode": "", "protection_flags": null, "result": "fail", "latency_ms": 0.7579000084660947}
{"timestamp": "2025-12-20T02:49:34Z", "group_seed": 313131, "usermane": "jason", "hash_mode": "", "protection_flags": null, "result": "fail", "latency_ms": 1.2812000350095332}
{"timestamp": "2025-12-20T02:49:34Z", "group_seed": 313131, "usermane": "jason", "hash_mode": "", "protection_flags": null, "result": "fail", "latency_ms": 0.8162999874912202}
{"timestamp": "2025-12-20T02:49:34Z", "group_seed": 313131, "usermane": "jason", "hash_mode": "", "protection_flags": null, "result": "fail", "latency_ms": 0.7740999571979046}
{"timestamp": "2025-12-20T02:49:34Z", "group_seed": 313131, "usermane": "jason", "hash_mode": "", "protection_flags": null, "result": "fail", "latency_ms": 1.033000007737428}
{"timestamp": "2025-12-20T02:49:34Z", "group_seed": 313131, "usermane": "kevin", "hash_mode": "", "protection_flags": null, "result": "fail", "latency_ms": 1.7106999875977635}
{"timestamp": "2025-12-20T02:49:34Z", "group_seed": 313131, "usermane": "kevin", "hash_mode": "", "protection_flags": null, "result": "fail", "latency_ms": 0.9044999605976045}
{"timestamp": "2025-12-20T02:49:34Z", "group_seed": 313131, "usermane": "kevin", "hash_mode": "", "protection_flags": null, "result": "fail", "latency_ms": 0.8108000038191676}
{"timestamp": "2025-12-20T02:49:34Z", "group_seed": 313131, "usermane": "kevin", "hash_mode": "", "protection_flags": null, "result": "fail", "latency_ms": 1.7409000429324806}
{"timestamp": "2025-12-20T02:49:34Z", "group_seed": 313131, "usermane": "kevin", "hash_mode": "", "protection_flags": null, "result": "fail", "latency_ms": 0.8397999918088317}
{"timestamp": "2025-12-20T02:49:34Z", "group_seed": 313131, "usermane": "kevin", "hash_mode": "", "protection_flags": null, "result": "fail", "latency_ms": 1.0574999614618719}
{"timestamp": "2025-12-20T02:49:35Z", "group_seed": 313131, "usermane": "kevin", "hash_mode": "", "protection_flags": null, "result": "fail", "latency_ms": 0.6602000212296844}
{"timestamp": "2025-12-20T02:49:35Z", "group_seed": 313131, "usermane": "kevin", "hash_mode": "", "protection_flags": null, "result": "fail", "latency_ms": 1.1189000215381384}
{"timestamp": "2025-12-20T02:49:35Z", "group_seed": 313131, "usermane": "kevin", "hash_mode": "", "protection_flags": null, "result": "fail", "latency_ms": 1.4782000216655433}
{"timestamp": "2025-12-20T02:49:35Z", "group_seed": 313131, "usermane": "andrew", "hash_mode": "", "protection_flags": null, "result": "fail", "latency_ms": 2.1723000099882483}
{"timestamp": "2025-12-20T02:49:35Z", "group_seed": 313131, "usermane": "andrew", "hash_mode": "", "protection_flags": null, "result": "fail", "latency_ms": 0.7025999948382378}
{"timestamp": "2025-12-20T02:49:35Z", "group_seed": 313131, "usermane": "andrew", "hash_mode": "", "protection_flags": null, "result": "fail", "latency_ms": 0.8493999484926462}
{"timestamp": "2025-12-20T02:49:35Z", "group_seed": 313131, "usermane": "andrew", "hash_mode": "", "protection_flags": null, "result": "fail", "latency_ms": 1.7006999696604908}
{"timestamp": "2025-12-20T02:49:35Z", "group_seed": 313131, "usermane": "andrew", "hash_mode": "", "protection_flags": null, "result": "fail", "latency_ms": 1.5743999974802136}
{"timestamp": "2025-12-20T02:49:35Z", "group_seed": 313131, "usermane": "andrew", "hash_mode": "", "protection_flags": null, "result": "fail", "latency_ms": 0.9278000215999782}
{"timestamp": "2025-12-20T02:49:35Z", "group_seed": 313131, "usermane": "andrew", "hash_mode": "", "protection_flags": null, "result": "fail", "latency_ms": 0.7013999857008457}
{"timestamp": "2025-12-20T02:49:35Z", "group_seed": 313131, "usermane": "andrew", "hash_mode": "", "protection_flags": null, "result": "fail", "latency_ms": 0.9342000121250749}
{"timestamp": "2025-12-20T02:49:35Z", "group_seed": 313131, "usermane": "andrew", "hash_mode": "", "protection_flags": null, "result": "fail", "latency_ms": 1.4635000261478126}
{"timestamp": "2025-12-20T02:49:35Z", "group_seed": 313131, "usermane": "jill", "hash_mode": "", "protection_flags": null, "result": "fail", "latency_ms": 1.0806999634951353}
{"timestamp": "2025-12-20T02:49:35Z", "group_seed": 313131, "usermane": "jill", "hash_mode": "", "protection_flags": null, "result": "fail", "latency_ms": 1.1432000319473445}
{"timestamp": "2025-12-20T02:49:35Z", "group_seed": 313131, "usermane": "jill", "hash_mode": "", "protection_flags": null, "result": "fail", "latency_ms": 0.8641000022180378}
{"timestamp": "2025-12-20T02:49:35Z", "group_seed": 313131, "usermane": "jill", "hash_mode": "", "protection_flags": null, "result": "fail", "latency_ms": 0.8917999803088605}
{"timestamp": "2025-12-20T02:49:35Z", "group_seed": 313131, "usermane": "jill", "hash_mode": "", "protection_flags": null, "result": "fail", "latency_ms": 1.17200001841411}
{"timestamp": "2025-12-20T02:49:35Z", "group_seed": 313131, "usermane": "jill", "hash_mode": "", "protection_flags": null, "result": "fail", "latency_ms": 1.234399969689548}
{"timestamp": "2025-12-20T02:49:36Z", "group_seed": 313131, "usermane": "jill", "hash_mode": "", "protection_flags": null, "result": "fail", "latency_ms": 1.067599980160594}
{"timestamp": "2025-12-20T02:49:36Z", "group_seed": 313131, "usermane": "jill", "hash_mode": "", "protection_flags": null, "result": "fail", "latency_ms": 1.3417999725788832}
{"timestamp": "2025-12-20T02:49:36Z", "group_seed": 313131, "usermane": "jill", "hash_mode": "", "protection_flags": null, "result": "fail", "latency_ms": 2.0269000087864697}
{"timestamp": "2025-12-20T02:49:36Z", "group_seed": 313131, "usermane": "liam", "hash_mode": "", "protection_flags": null, "result": "fail", "latency_ms": 0.6827000179328024}
{"timestamp": "2025-12-20T02:49:36Z", "group_seed": 313131, "usermane": "liam", "hash_mode": "", "protection_flags": null, "result": "fail", "latency_ms": 1.0820000316016376}
{"timestamp": "2025-12-20T02:49:36Z", "group_seed": 313131, "usermane": "liam", "hash_mode": "", "protection_flags": null, "result": "fail", "latency_ms": 1.0238999966531992}
{"timestamp": "2025-12-20T02:49:36Z", "group_seed": 313131, "usermane": "liam", "hash_mode": "", "protection_flags": null, "result": "fail", "latency_ms": 1.632500032428652}
{"timestamp": "2025-12-20T02:49:36Z", "group_seed": 313131, "usermane": "liam", "hash_mode": "", "protection_flags": null, "result": "fail", "latency_ms": 0.8679999737069011}
{"timestamp": "2025-12-20T02:49:36Z", "group_seed": 313131, "usermane": "liam", "hash_mode": "", "protection_flags": null, "result": "fail", "latency_ms": 1.7282000044360757}
{"timestamp": "2025-12-20T02:49:36Z", "group_seed": 313131, "usermane": "liam", "hash_mode": "", "protection_flags": null, "result": "fail", "latency_ms": 1.0839999886229634}
{"timestamp": "2025-12-20T02:49:36Z", "group_seed": 313131, "usermane": "liam", "hash_mode": "", "protection_flags": null, "result": "fail", "latency_ms": 0.9554999996908009}
{"timestamp": "2025-12-20T02:49:36Z", "group_seed": 313131, "usermane": "liam", "hash_mode": "", "protection_flags": null, "result": "fail", "latency_ms": 0.8801000076346099}
{"timestamp": "2025-12-20T02:49:36Z", "group_seed": 313131, "usermane": "steven", "hash_mode": "", "protection_flags": null, "result": "fail", "latency_ms": 0.6134000141173601}
{"timestamp": "2025-12-20T02:49:36Z", "group_seed": 313131, "usermane": "steven", "hash_mode": "", "protection_flags": null, "result": "fail", "latency_ms": 0.958800024818629}
{"timestamp": "2025-12-20T02:49:36Z", "group_seed": 313131, "usermane": "steven", "hash_mode": "", "protection_flags": null, "result": "fail", "latency_ms": 1.3681999989785254}
{"timestamp": "2025-12-20T02:49:36Z", "group_seed": 313131, "usermane": "steven", "hash_mode": "", "protection_flags": null, "result": "fail", "latency_ms": 2.5100000202655792}
{"timestamp": "2025-12-20T02:49:36Z", "group_seed": 313131, "usermane": "steven", "hash_mode": "", "protection_flags": null, "result": "fail", "latency_ms": 0.6827000179328024}
{"timestamp": "2025-12-20T02:49:37Z", "group_seed": 313131, "usermane": "steven", "hash_mode": "", "protection_flags": null, "result": "fail", "latency_ms": 1.0012999991886318}
{"timestamp": "2025-12-20T02:49:37Z", "group_seed": 313131, "usermane": "steven", "hash_mode": "", "protection_flags": null, "result": "fail", "latency_ms": 1.35420000879094}
{"timestamp": "2025-12-20T02:49:37Z", "group_seed": 313131, "usermane": "steven", "hash_mode": "", "protection_flags": null, "result": "fail", "latency_ms": 1.7208000062964857}
{"timestamp": "2025-12-20T02:49:37Z", "group_seed": 313131, "usermane": "steven", "hash_mode": "", "protection_flags": null, "result": "fail", "latency_ms": 2.2211999748833477}
{"timestamp": "2025-12-20T02:49:37Z", "group_seed": 313131, "usermane": "rome", "hash_mode": "", "protection_flags": null, "result": "fail", "latency_ms": 1.324300013948232}
{"timestamp": "2025-12-20T02:49:37Z", "group_seed": 313131, "usermane": "rome", "hash_mode": "", "protection_flags": null, "result": "fail", "latency_ms": 0.8661000174470246}
{"timestamp": "2025-12-20T02:49:37Z", "group_seed": 313131, "usermane": "rome", "hash_mode": "", "protection_flags": null, "result": "fail", "latency_ms": 1.1184999602846801}
{"timestamp": "2025-12-20T02:49:37Z", "group_seed": 313131, "usermane": "rome", "hash_mode": "", "protection_flags": null, "result": "fail", "latency_ms": 1.3322000158950686}
{"timestamp": "2025-12-20T02:49:37Z", "group_seed": 313131, "usermane": "rome", "hash_mode": "", "protection_flags": null, "result": "fail", "latency_ms": 1.6328999772667885}
{"timestamp": "2025-12-20T02:49:37Z", "group_seed": 313131, "usermane": "rome", "hash_mode": "", "protection_flags": null, "result": "fail", "latency_ms": 1.186200010124594}
{"timestamp": "2025-12-20T02:49:37Z", "group_seed": 313131, "usermane": "rome", "hash_mode": "", "protection_flags": null, "result": "fail", "latency_ms": 0.7255999953486025}
{"timestamp": "2025-12-20T02:49:37Z", "group_seed": 313131, "usermane": "rome", "hash_mode": "", "protection_flags": null, "result": "fail", "latency_ms": 0.8861999958753586}
{"timestamp": "2025-12-20T02:49:37Z", "group_seed": 313131, "usermane": "rome", "hash_mode": "", "protection_flags": null, "result": "fail", "latency_ms": 0.7445999654009938}
{"timestamp": "2025-12-20T11:42:23Z", "group_seed": 313131, "usermane": "root", "hash_mode": "", "protection_flags": null, "result": "fail", "latency_ms": 1.6255999798886478}
{"timestamp": "2025-12-20T11:42:24Z", "group_seed": 313131, "usermane": "root", "hash_mode": "", "protection_flags": null, "result": "fail", "latency_ms": 0.7143999682739377}
{"timestamp": "2025-12-20T11:42:24Z", "group_seed": 313131, "usermane": "root", "hash_mode": "", "protection_flags": null, "result": "fail", "latency_ms": 0.7071000291034579}
{"timestamp": "2025-12-20T11:42:24Z", "group_seed": 313131, "usermane": "root", "hash_mode": "", "protection_flags": null, "result": "fail", "latency_ms": 0.6713999900966883}
{"timestamp": "2025-12-20T11:42:24Z", "group_seed": 313131, "usermane": "root", "hash_mode": "", "protection_flags": null, "result": "fail", "latency_ms": 1.96159997722134}
{"timestamp": "2025-12-20T11:42:24Z", "group_seed": 313131, "usermane": "root", "hash_mode": "", "protection_flags": null, "result": "fail", "latency_ms": 1.1818999773822725}
{"timestamp": "2025-12-20T11:42:24Z", "group_seed": 313131, "usermane": "root", "hash_mode": "", "protection_flags": null, "result": "fail", "latency_ms": 0.7412999984808266}
{"timestamp": "2025-12-20T11:42:24Z", "group_seed": 313131, "usermane": "root", "hash_mode": "", "protection_flags": null, "result": "fail", "latency_ms": 0.770699989516288}
{"timestamp": "2025-12-20T11:42:24Z", "group_seed": 313131, "usermane": "root", "hash_mode": "", "protection_flags": null, "result": "fail", "latency_ms": 0.6749999593012035}
{"timestamp": "2025-12-20T11:42:24Z", "group_seed": 313131, "usermane": "david", "hash_mode": "", "protection_flags": null, "result": "fail", "latency_ms": 0.8317999891005456}
{"timestamp": "2025-12-20T11:42:24Z", "group_seed": 313131, "usermane": "david", "hash_mode": "", "protection_flags": null, "result": "fail", "latency_ms": 1.1196000268682837}
{"timestamp": "2025-12-20T11:42:24Z", "group_seed": 313131, "usermane": "david", "hash_mode": "", "protection_flags": null, "result": "fail", "latency_ms": 0.7834999705664814}
{"timestamp": "2025-12-20T11:42:24Z", "group_seed": 313131, "usermane": "david", "hash_mode": "", "protection_flags": null, "result": "fail", "latency_ms": 0.6924000335857272}
{"timestamp": "2025-12-20T11:42:24Z", "group_seed": 313131, "usermane": "david", "hash_mode": "", "protection_flags": null, "result": "fail", "latency_ms": 0.6688000285066664}
{"timestamp": "2025-12-20T11:42:24Z", "group_seed": 313131, "usermane": "david", "hash_mode": "", "protection_flags": null, "result": "fail", "latency_ms": 0.9240999934263527}
{"timestamp": "2025-12-20T11:42:24Z", "group_seed": 313131, "usermane": "david", "hash_mode": "", "protection_flags": null, "result": "success", "latency_ms": 0.7990000303834677}
{"timestamp": "2025-12-20T11:42:24Z", "group_seed": 313131, "usermane": "moriya", "hash_mode": "", "protection_flags": null, "result": "fail", "latency_ms": 0.705599959474057}
{"timestamp": "2025-12-20T11:42:24Z", "group_seed": 313131, "usermane": "moriya", "hash_mode": "", "protection_flags": null, "result": "fail", "latency_ms": 0.88900001719594}
{"timestamp": "2025-12-20T11:42:24Z", "group_seed": 313131, "usermane": "moriya", "hash_mode": "", "protection_flags": null, "result": "fail", "latency_ms": 0.7130000158213079}
{"timestamp": "2025-12-20T11:42:24Z", "group_seed": 313131, "usermane": "moriya", "hash_mode": "", "protection_flags": null, "result": "fail", "latency_ms": 0.6502000032924116}
{"timestamp": "2025-12-20T11:42:25Z", "group_seed": 313131, "usermane": "moriya", "hash_mode": "", "protection_flags": null, "result": "fail", "latency_ms": 0.7387999794445932}
{"timestamp": "2025-12-20T11:42:25Z", "group_seed": 313131, "usermane": "moriya", "hash_mode": "", "protection_flags": null, "result": "fail", "latency_ms": 0.8700999896973372}
{"timestamp": "2025-12-20T11:42:25Z", "group_seed": 313131, "usermane": "moriya", "hash_mode": "", "protection_flags": null, "result": "fail", "latency_ms": 1.014099980238825}
{"timestamp": "2025-12-20T11:42:25Z", "group_seed": 313131, "usermane": "moriya", "hash_mode": "", "protection_flags": null, "result": "fail", "latency_ms": 1.265200029592961}
{"timestamp": "2025-12-20T11:42:25Z", "group_seed": 313131, "usermane": "moriya", "hash_mode": "", "protection_flags": null, "result": "success", "latency_ms": 1.1768999975174665}
{"timestamp": "2025-12-20T11:42:25Z", "group_seed": 313131, "usermane": "charlie", "hash_mode": "", "protection_flags": null, "result": "fail", "latency_ms": 1.0033000144176185}
{"timestamp": "2025-12-20T11:42:25Z", "group_seed": 313131, "usermane": "charlie", "hash_mode": "", "protection_flags": null, "result": "fail", "latency_ms": 0.658600009046495}
{"timestamp": "2025-12-20T11:42:25Z", "group_seed": 313131, "usermane": "charlie", "hash_mode": "", "protection_flags": null, "result": "fail", "latency_ms": 0.666900014039129}
{"timestamp": "2025-12-20T11:42:25Z", "group_seed": 313131, "usermane": "charlie", "hash_mode": "", "protection_flags": null, "result": "fail", "latency_ms": 0.832499994430691}
{"timestamp": "2025-12-20T11:42:25Z", "group_seed": 313131, "usermane": "charlie", "hash_mode": "", "protection_flags": null, "result": "fail", "latency_ms": 0.6379000260494649}
{"timestamp": "2025-12-20T11:42:25Z", "group_seed": 313131, "usermane": "charlie", "hash_mode": "", "protection_flags": null, "result": "fail", "latency_ms": 3.220599959604442}
{"timestamp": "2025-12-20T11:42:25Z", "group_seed": 313131, "usermane": "charlie", "hash_mode": "", "protection_flags": null, "result": "fail", "latency_ms": 1.6141000087372959}
{"timestamp": "2025-12-20T11:42:25Z", "group_seed": 313131, "usermane": "charlie", "hash_mode": "", "protection_flags": null, "result": "fail", "latency_ms": 0.6609999691136181}
{"timestamp": "2025-12-20T11:42:25Z", "group_seed": 313131, "usermane": "charlie", "hash_mode": "", "protection_flags": null, "result": "fail", "latency_ms": 0.6556999869644642}
{"timestamp": "2025-12-20T11:42:25Z", "group_seed": 313131, "usermane": "georgia", "hash_mode": "", "protection_flags": null, "result": "fail", "latency_ms": 0.6644999957643449}
{"timestamp": "2025-12-20T11:42:25Z", "group_seed": 313131, "usermane": "georgia", "hash_mode": "", "protection_flags": null, "result": "fail", "latency_ms": 0.7793999975547194}
{"timestamp": "2025-12-20T11:42:25Z", "group_seed": 313131, "usermane": "georgia", "hash_mode": "", "protection_flags": null, "result": "fail", "latency_ms": 0.7224000291898847}
{"timestamp": "2025-12-20T11:42:25Z", "group_seed": 313131, "usermane": "georgia", "hash_mode": "", "protection_flags": null, "result": "fail", "latency_ms": 0.665400002617389}
{"timestamp": "2025-12-20T11:42:26Z", "group_seed": 313131, "usermane": "georgia", "hash_mode": "", "protection_flags": null, "result": "fail", "latency_ms": 3.885400015860796}
{"timestamp": "2025-12-20T11:42:26Z", "group_seed": 313131, "usermane": "georgia", "hash_mode": "", "protection_flags": null, "result": "fail", "latency_ms": 3.6082000005990267}
{"timestamp": "2025-12-20T11:42:26Z", "group_seed": 313131, "usermane": "georgia", "hash_mode": "", "protection_flags": null, "result": "fail", "latency_ms": 1.4137999969534576}
{"timestamp": "2025-12-20T11:42:26Z", "group_seed": 313131, "usermane": "georgia", "hash_mode": "", "protection_flags": null, "result": "fail", "latency_ms": 0.9159000474028289}
{"timestamp": "2025-12-20T11:42:26Z", "group_seed": 313131, "usermane": "georgia", "hash_mode": "", "protection_flags": null, "result": "fail", "latency_ms": 0.852299970574677}
{"timestamp": "2025-12-20T11:42:26Z", "group_seed": 313131, "usermane": "jack", "hash_mode": "", "protection_flags": null, "result": "fail", "latency_ms": 1.2323000119067729}
{"timestamp": "2025-12-20T11:42:26Z", "group_seed": 313131, "usermane": "jack", "hash_mode": "", "protection_flags": null, "result": "fail", "latency_ms": 0.978600000962615}
{"timestamp": "2025-12-20T11:42:26Z", "group_seed": 313131, "usermane": "jack", "hash_mode": "", "protection_flags": null, "result": "fail", "latency_ms": 0.9327000007033348}
{"timestamp": "2025-12-20T11:42:26Z", "group_seed": 313131, "usermane": "jack", "hash_mode": "", "protection_flags": null, "result": "fail", "latency_ms": 0.6881000008434057}
{"timestamp": "2025-12-20T11:42:26Z", "group_seed": 313131, "usermane": "jack", "hash_mode": "", "protection_flags": null, "result": "fail", "latency_ms": 0.7022000500001013}
{"timestamp": "2025-12-20T11:42:26Z", "group_seed": 313131, "usermane": "jack", "hash_mode": "", "protection_flags": null, "result": "fail", "latency_ms": 0.6545999785885215}
{"timestamp": "2025-12-20T11:42:26Z", "group_seed": 313131, "usermane": "jack", "hash_mode": "", "protection_flags": null, "result": "fail", "latency_ms": 0.6612000288441777}
{"timestamp": "2025-12-20T11:42:26Z", "group_seed": 313131, "usermane": "jack", "hash_mode": "", "protection_flags": null, "result": "fail", "latency_ms": 1.8762999679893255}
{"timestamp": "2025-12-20T11:42:26Z", "group_seed": 313131, "usermane": "jack", "hash_mode": "", "protection_flags": null, "result": "fail", "latency_ms": 0.8494000067003071}
{"timestamp": "2025-12-20T11:42:26Z", "group_seed": 313131, "usermane": "rachel", "hash_mode": "", "protection_flags": null, "result": "fail", "latency_ms": 0.6163999787531793}
{"timestamp": "2025-12-20T11:42:26Z", "group_seed": 313131, "usermane": "rachel", "hash_mode": "", "protection_flags": null, "result": "fail", "latency_ms": 0.7118999492377043}
{"timestamp": "2025-12-20T11:42:26Z", "group_seed": 313131, "usermane": "rachel", "hash_mode": "", "protection_flags": null, "result": "fail", "latency_ms": 0.6417999975383282}
{"timestamp": "2025-12-20T11:42:27Z", "group_seed": 313131, "usermane": "rachel", "hash_mode": "", "protection_flags": null, "result": "fail", "latency_ms": 0.6252999883145094}
{"timestamp": "2025-12-20T11:42:27Z", "group_seed": 313131, "usermane": "rachel", "hash_mode": "", "protection_flags": null, "result": "fail", "latency_ms": 0.6602000212296844}
{"timestamp": "2025-12-20T11:42:27Z", "group_seed": 313131, "usermane": "rachel", "hash_mode": "", "protection_flags": null, "result": "fail", "latency_ms": 0.9439999703317881}
{"timestamp": "2025-12-20T11:42:27Z", "group_seed": 313131, "usermane": "rachel", "hash_mode": "", "protection_flags": null, "result": "fail", "latency_ms": 1.5691000153310597}
{"timestamp": "2025-12-20T11:42:27Z", "group_seed": 313131, "usermane": "rachel", "hash_mode": "", "protection_flags": null, "result": "fail", "latency_ms": 0.8119000121951103}
{"timestamp": "2025-12-20T11:42:27Z", "group_seed": 313131, "usermane": "rachel", "hash_mode": "", "protection_flags": null, "result": "fail", "latency_ms": 1.809899986255914}
{"timestamp": "2025-12-20T11:42:27Z", "group_seed": 313131, "usermane": "tina", "hash_mode": "", "protection_flags": null, "result": "fail", "latency_ms": 1.5635999734513462}
{"timestamp": "2025-12-20T11:42:27Z", "group_seed": 313131, "usermane": "tina", "hash_mode": "", "protection_flags": null, "result": "fail", "latency_ms": 0.6951999966986477}
{"timestamp": "2025-12-20T11:42:27Z", "group_seed": 313131, "usermane": "tina", "hash_mode": "", "protection_flags": null, "result": "fail", "latency_ms": 0.5087000317871571}
{"timestamp": "2025-12-20T11:42:27Z", "group_seed": 313131, "usermane": "tina", "hash_mode": "", "protection_flags": null, "result": "fail", "latency_ms": 0.7483999943360686}
{"timestamp": "2025-12-20T11:42:27Z", "group_seed": 313131, "usermane": "tina", "hash_mode": "", "protection_flags": null, "result": "fail", "latency_ms": 0.8439000230282545}
{"timestamp": "2025-12-20T11:42:27Z", "group_seed": 313131, "usermane": "tina", "hash_mode": "", "protection_flags": null, "result": "fail", "latency_ms": 0.7227000314742327}
{"timestamp": "2025-12-20T11:42:27Z", "group_seed": 313131, "usermane": "tina", "hash_mode": "", "protection_flags": null, "result": "fail", "latency_ms": 0.7379999733529985}
{"timestamp": "2025-12-20T11:42:27Z", "group_seed": 313131, "usermane": "tina", "hash_mode": "", "protection_flags": null, "result": "fail", "latency_ms": 1.6677999519743025}
{"timestamp": "2025-12-20T11:42:27Z", "group_seed": 313131, "usermane": "tina", "hash_mode": "", "protection_flags": null, "result": "fail", "latency_ms": 0.7212000200524926}
{"timestamp": "2025-12-20T11:42:27Z", "group_seed": 313131, "usermane": "dany", "hash_mode": "", "protection_flags": null, "result": "fail", "latency_ms": 0.6840999703854322}
{"timestamp": "2025-12-20T11:42:27Z", "group_seed": 313131, "usermane": "dany", "hash_mode": "", "protection_flags": null, "result": "fail", "latency_ms": 0.673700007610023}
{"timestamp": "2025-12-20T11:42:27Z", "group_seed": 313131, "usermane": "dany", "hash_mode": "", "protection_flags": null, "result": "fail", "latency_ms": 0.7985999691300094}
{"timestamp": "2025-12-20T11:42:28Z", "group_seed": 313131, "usermane": "dany", "hash_mode": "", "protection_flags": null, "result": "fail", "latency_ms": 0.8829000289551914}
{"timestamp": "2025-12-20T11:42:28Z", "group_seed": 313131, "usermane": "dany", "hash_mode": "", "protection_flags": null, "result": "fail", "latency_ms": 0.7329999934881926}
{"timestamp": "2025-12-20T11:42:28Z", "group_seed": 313131, "usermane": "dany", "hash_mode": "", "protection_flags": null, "result": "fail", "latency_ms": 0.720099953468889}
{"timestamp": "2025-12-20T11:42:28Z", "group_seed": 313131, "usermane": "dany", "hash_mode": "", "protection_flags": null, "result": "fail", "latency_ms": 1.146900001913309}
{"timestamp": "2025-12-20T11:42:28Z", "group_seed": 313131, "usermane": "dany", "hash_mode": "", "protection_flags": null, "result": "fail", "latency_ms": 0.943399965763092}
{"timestamp": "2025-12-20T11:42:28Z", "group_seed": 313131, "usermane": "dany", "hash_mode": "", "protection_flags": null, "result": "fail", "latency_ms": 2.9283000039868057}
{"timestamp": "2025-12-20T11:42:28Z", "group_seed": 313131, "usermane": "mina", "hash_mode": "", "protection_flags": null, "result": "fail", "latency_ms": 1.36160000693053}
{"timestamp": "2025-12-20T11:42:28Z", "group_seed": 313131, "usermane": "mina", "hash_mode": "", "protection_flags": null, "result": "fail", "latency_ms": 0.7125000120140612}
{"timestamp": "2025-12-20T11:42:28Z", "group_seed": 313131, "usermane": "mina", "hash_mode": "", "protection_flags": null, "result": "fail", "latency_ms": 2.1652000141330063}
{"timestamp": "2025-12-20T11:42:28Z", "group_seed": 313131, "usermane": "mina", "hash_mode": "", "protection_flags": null, "result": "fail", "latency_ms": 0.9477000567130744}
{"timestamp": "2025-12-20T11:42:28Z", "group_seed": 313131, "usermane": "mina", "hash_mode": "", "protection_flags": null, "result": "fail", "latency_ms": 1.2172000133432448}
{"timestamp": "2025-12-20T11:42:28Z", "group_seed": 313131, "usermane": "mina", "hash_mode": "", "protection_flags": null, "result": "fail", "latency_ms": 0.9131999686360359}
{"timestamp": "2025-12-20T11:42:28Z", "group_seed": 313131, "usermane": "mina", "hash_mode": "", "protection_flags": null, "result": "fail", "latency_ms": 1.9277000101283193}
{"timestamp": "2025-12-20T11:42:28Z", "group_seed": 313131, "usermane": "mina", "hash_mode": "", "protection_flags": null, "result": "fail", "latency_ms": 1.0112000163644552}
{"timestamp": "2025-12-20T11:42:28Z", "group_seed": 313131, "usermane": "mina", "hash_mode": "", "protection_flags": null, "result": "fail", "latency_ms": 1.602299977093935}
{"timestamp": "2025-12-20T11:42:28Z", "group_seed": 313131, "usermane": "william", "hash_mode": "", "protection_flags": null, "result": "fail", "latency_ms": 1.5739999944344163}
{"timestamp": "2025-12-20T11:42:29Z", "group_seed": 313131, "usermane": "william", "hash_mode": "", "protection_flags": null, "result": "fail", "latency_ms": 2.325700013898313}
{"timestamp": "2025-12-20T11:42:29Z", "group_seed": 313131, "usermane": "william", "hash_mode": "", "protection_flags": null, "result": "fail", "latency_ms": 1.1081999982707202}
{"timestamp": "2025-12-20T11:42:29Z", "group_seed": 313131, "usermane": "william", "hash_mode": "", "protection_flags": null, "result": "fail", "latency_ms": 0.6433000089600682}
{"timestamp": "2025-12-20T11:42:29Z", "group_seed": 313131, "usermane": "william", "hash_mode": "", "protection_flags": null, "result": "fail", "latency_ms": 1.0712000075727701}
{"timestamp": "2025-12-20T11:42:29Z", "group_seed": 313131, "usermane": "william", "hash_mode": "", "protection_flags": null, "result": "fail", "latency_ms": 16.584400029387325}
{"timestamp": "2025-12-20T11:42:29Z", "group_seed": 313131, "usermane": "william", "hash_mode": "", "protection_flags": null, "result": "fail", "latency_ms": 0.9218000341206789}
{"timestamp": "2025-12-20T11:42:29Z", "group_seed": 313131, "usermane": "william", "hash_mode": "", "protection_flags": null, "result": "fail", "latency_ms": 0.8492000051774085}
{"timestamp": "2025-12-20T11:42:29Z", "group_seed": 313131, "usermane": "william", "hash_mode": "", "protection_flags": null, "result": "fail", "latency_ms": 1.0864000068977475}
{"timestamp": "2025-12-20T11:42:29Z", "group_seed": 313131, "usermane": "benjamin", "hash_mode": "", "protection_flags": null, "result": "fail", "latency_ms": 1.3472000136971474}
{"timestamp": "2025-12-20T11:42:29Z", "group_seed": 313131, "usermane": "benjamin", "hash_mode": "", "protection_flags": null, "result": "fail", "latency_ms": 0.8307999814860523}
{"timestamp": "2025-12-20T11:42:29Z", "group_seed": 313131, "usermane": "benjamin", "hash_mode": "", "protection_flags": null, "result": "fail", "latency_ms": 3.4186000120826066}
{"timestamp": "2025-12-20T11:42:29Z", "group_seed": 313131, "usermane": "benjamin", "hash_mode": "", "protection_flags": null, "result": "fail", "latency_ms": 0.8484999998472631}
{"timestamp": "2025-12-20T11:42:29Z", "group_seed": 313131, "usermane": "benjamin", "hash_mode": "", "protection_flags": null, "result": "fail", "latency_ms": 2.203300013206899}
{"timestamp": "2025-12-20T11:42:29Z", "group_seed": 313131, "usermane": "benjamin", "hash_mode": "", "protection_flags": null, "result": "fail", "latency_ms": 1.9082999788224697}
{"timestamp": "2025-12-20T11:42:29Z", "group_seed": 313131, "usermane": "benjamin", "hash_mode": "", "protection_flags": null, "result": "fail", "latency_ms": 0.7872999995015562}
{"timestamp": "2025-12-20T11:42:29Z", "group_seed": 313131, "usermane": "benjamin", "hash_mode": "", "protection_flags": null, "result": "fail", "latency_ms": 0.6981000187806785}
{"timestamp": "2025-12-20T11:42:30Z", "group_seed": 313131, "usermane": "benjamin", "hash_mode": "", "protection_flags": null, "result": "fail", "latency_ms": 0.7488999981433153}
{"timestamp": "2025-12-20T11:42:30Z", "group_seed": 313131, "usermane": "lily", "hash_mode": "", "protection_flags": null, "result": "fail", "latency_ms": 0.6541999755427241}
{"timestamp": "2025-12-20T11:42:30Z", "group_seed": 313131, "usermane": "lily", "hash_mode": "", "protection_flags": null, "result": "fail", "latency_ms": 0.7575000054202974}
{"timestamp": "2025-12-20T11:42:30Z", "group_seed": 313131, "usermane": "lily", "hash_mode": "", "protection_flags": null, "result": "fail", "latency_ms": 1.5857000253163278}
{"timestamp": "2025-12-20T11:42:30Z", "group_seed": 313131, "usermane": "lily", "hash_mode": "", "protection_flags": null, "result": "fail", "latency_ms": 1.2442999868653715}
{"timestamp": "2025-12-20T11:42:30Z", "group_seed": 313131, "usermane": "lily", "hash_mode": "", "protection_flags": null, "result": "fail", "latency_ms": 3.115599974989891}
{"timestamp": "2025-12-20T11:42:30Z", "group_seed": 313131, "usermane": "lily", "hash_mode": "", "protection_flags": null, "result": "fail", "latency_ms": 0.9021000005304813}
{"timestamp": "2025-12-20T11:42:30Z", "group_seed": 313131, "usermane": "lily", "hash_mode": "", "protection_flags": null, "result": "fail", "latency_ms": 0.8544999873265624}
{"timestamp": "2025-12-20T11:42:30Z", "group_seed": 313131, "usermane": "lily", "hash_mode": "", "protection_flags": null, "result": "fail", "latency_ms": 0.6054999539628625}
{"timestamp": "2025-12-20T11:42:30Z", "group_seed": 313131, "usermane": "lily", "hash_mode": "", "protection_flags": null, "result": "fail", "latency_ms": 0.833400001283735}
{"timestamp": "2025-12-20T11:42:30Z", "group_seed": 313131, "usermane": "yuval", "hash_mode": "", "protection_flags": null, "result": "fail", "latency_ms": 2.324500004760921}
{"timestamp": "2025-12-20T11:42:30Z", "group_seed": 313131, "usermane": "yuval", "hash_mode": "", "protection_flags": null, "result": "fail", "latency_ms": 0.7461000350303948}
{"timestamp": "2025-12-20T11:42:30Z", "group_seed": 313131, "usermane": "yuval", "hash_mode": "", "protection_flags": null, "result": "fail", "latency_ms": 0.7301999721676111}
{"timestamp": "2025-12-20T11:42:30Z", "group_seed": 313131, "usermane": "yuval", "hash_mode": "", "protection_flags": null, "result": "fail", "latency_ms": 1.0762999881990254}
{"timestamp": "2025-12-20T11:42:30Z", "group_seed": 313131, "usermane": "yuval", "hash_mode": "", "protection_flags": null, "result": "fail", "latency_ms": 1.929400023072958}
{"timestamp": "2025-12-20T11:42:30Z", "group_seed": 313131, "usermane": "yuval", "hash_mode": "", "protection_flags": null, "result": "fail", "latency_ms": 0.6916999700479209}
{"timestamp": "2025-12-20T11:42:30Z", "group_seed": 313131, "usermane": "yuval", "hash_mode": "", "protection_flags": null, "result": "fail", "latency_ms": 0.7588999578729272}
{"timestamp": "2025-12-20T11:42:31Z", "group_seed": 313131, "usermane": "yuval", "hash_mode": "", "protection_flags": null, "result": "fail", "latency_ms": 0.7271000067703426}
{"timestamp": "2025-12-20T11:42:31Z", "group_seed": 313131, "usermane": "yuval", "hash_mode": "", "protection_flags": null, "result": "fail", "latency_ms": 0.6394999800249934}
{"timestamp": "2025-12-20T11:42:31Z", "group_seed": 313131, "usermane": "shir", "hash_mode": "", "protection_flags": null, "result": "fail", "latency_ms": 0.6600999622605741}
{"timestamp": "2025-12-20T11:42:31Z", "group_seed": 313131, "usermane": "shir", "hash_mode": "", "protection_flags": null, "result": "fail", "latency_ms": 0.9227999835275114}
{"timestamp": "2025-12-20T11:42:31Z", "group_seed": 313131, "usermane": "shir", "hash_mode": "", "protection_flags": null, "result": "fail", "latency_ms": 0.8214999688789248}
{"timestamp": "2025-12-20T11:42:31Z", "group_seed": 313131, "usermane": "shir", "hash_mode": "", "protection_flags": null, "result": "fail", "latency_ms": 0.671899993903935}
{"timestamp": "2025-12-20T11:42:31Z", "group_seed": 313131, "usermane": "shir", "hash_mode": "", "protection_flags": null, "result": "fail", "latency_ms": 0.7080999785102904}
{"timestamp": "2025-12-20T11:42:31Z", "group_seed": 313131, "usermane": "shir", "hash_mode": "", "protection_flags": null, "result": "fail", "latency_ms": 0.6601999630220234}
{"timestamp": "2025-12-20T11:42:31Z", "group_seed": 313131, "usermane": "shir", "hash_mode": "", "protection_flags": null, "result": "fail", "latency_ms": 0.8331999997608364}
{"timestamp": "2025-12-20T11:42:31Z", "group_seed": 313131, "usermane": "shir", "hash_mode": "", "protection_flags": null, "result": "fail", "latency_ms": 0.6079000304453075}
{"timestamp": "2025-12-20T11:42:31Z", "group_seed": 313131, "usermane": "shir", "hash_mode": "", "protection_flags": null, "result": "fail", "latency_ms": 0.6323999841697514}
{"timestamp": "2025-12-20T11:42:31Z", "group_seed": 313131, "usermane": "zoe", "hash_mode": "", "protection_flags": null, "result": "fail", "latency_ms": 0.7108999998308718}
{"timestamp": "2025-12-20T11:42:31Z", "group_seed": 313131, "usermane": "zoe", "hash_mode": "", "protection_flags": null, "result": "fail", "latency_ms": 0.8420000085607171}
{"timestamp": "2025-12-20T11:42:31Z", "group_seed": 313131, "usermane": "zoe", "hash_mode": "", "protection_flags": null, "result": "fail", "latency_ms": 1.7425999976694584}
{"timestamp": "2025-12-20T11:42:31Z", "group_seed": 313131, "usermane": "zoe", "hash_mode": "", "protection_flags": null, "result": "fail", "latency_ms": 0.6308000301942229}
{"timestamp": "2025-12-20T11:42:31Z", "group_seed": 313131, "usermane": "zoe", "hash_mode": "", "protection_flags": null, "result": "fail", "latency_ms": 0.7246999884955585}
{"timestamp": "2025-12-20T11:42:31Z", "group_seed": 313131, "usermane": "zoe", "hash_mode": "", "protection_flags": null, "result": "fail", "latency_ms": 0.6883000023663044}
{"timestamp": "2025-12-20T11:42:31Z", "group_seed": 313131, "usermane": "zoe", "hash_mode": "", "protection_flags": null, "result": "fail", "latency_ms": 0.8216999704018235}
{"timestamp": "2025-12-20T11:42:32Z", "group_seed": 313131, "usermane": "zoe", "hash_mode": "", "protection_flags": null, "result": "fail", "latency_ms": 0.8465999853797257}
{"timestamp": "2025-12-20T11:42:32Z", "group_seed": 313131, "usermane": "zoe", "hash_mode": "", "protection_flags": null, "result": "fail", "latency_ms": 0.6576000014320016}
{"timestamp": "2025-12-20T11:42:32Z", "group_seed": 313131, "usermane": "ryen", "hash_mode": "", "protection_flags": null, "result": "fail", "latency_ms": 0.7891000132076442}
{"timestamp": "2025-12-20T11:42:32Z", "group_seed": 313131, "usermane": "ryen", "hash_mode": "", "protection_flags": null, "result": "fail", "latency_ms": 1.0557000059634447}
{"timestamp": "2025-12-20T11:42:32Z", "group_seed": 313131, "usermane": "ryen", "hash_mode": "", "protection_flags": null, "result": "fail", "latency_ms": 6.824499985668808}
{"timestamp": "2025-12-20T11:42:32Z", "group_seed": 313131, "usermane": "ryen", "hash_mode": "", "protection_flags": null, "result": "fail", "latency_ms": 0.7482999935746193}
{"timestamp": "2025-12-20T11:42:32Z", "group_seed": 313131, "usermane": "ryen", "hash_mode": "", "protection_flags": null, "result": "fail", "latency_ms": 2.598899998702109}
{"timestamp": "2025-12-20T11:42:32Z", "group_seed": 313131, "usermane": "ryen", "hash_mode": "", "protection_flags": null, "result": "fail", "latency_ms": 0.7061000214889646}
{"timestamp": "2025-12-20T11:42:32Z", "group_seed": 313131, "usermane": "ryen", "hash_mode": "", "protection_flags": null, "result": "fail", "latency_ms": 1.0373000404797494}
{"timestamp": "2025-12-20T11:42:32Z", "group_seed": 313131, "usermane": "ryen", "hash_mode": "", "protection_flags": null, "result": "fail", "latency_ms": 1.2722999672405422}
{"timestamp": "2025-12-20T11:42:32Z", "group_seed": 313131, "usermane": "ryen", "hash_mode": "", "protection_flags": null, "result": "fail", "latency_ms": 0.7348000071942806}
{"timestamp": "2025-12-20T11:42:32Z", "group_seed": 313131, "usermane": "christopher", "hash_mode": "", "protection_flags": null, "result": "fail", "latency_ms": 0.6471999804489315}
{"timestamp": "2025-12-20T11:42:32Z", "group_seed": 313131, "usermane": "christopher", "hash_mode": "", "protection_flags": null, "result": "fail", "latency_ms": 1.0107000125572085}
{"timestamp": "2025-12-20T11:42:32Z", "group_seed": 313131, "usermane": "christopher", "hash_mode": "", "protection_flags": null, "result": "fail", "latency_ms": 1.9675000221468508}
{"timestamp": "2025-12-20T11:42:32Z", "group_seed": 313131, "usermane": "christopher", "hash_mode": "", "protection_flags": null, "result": "fail", "latency_ms": 2.1083999890834093}
{"timestamp": "2025-12-20T11:42:32Z", "group_seed": 313131, "usermane": "christopher", "hash_mode": "", "protection_flags": null, "result": "fail", "latency_ms": 2.369399997405708}
{"timestamp": "2025-12-20T11:42:32Z", "group_seed": 313131, "usermane": "christopher", "hash_mode": "", "protection_flags": null, "result": "fail", "latency_ms": 0.9250000002793968}
{"timestamp": "2025-12-20T11:42:33Z", "group_seed": 313131, "usermane": "christopher", "hash_mode": "", "protection_flags": null, "result": "fail", "latency_ms": 0.6259999936446548}
{"timestamp": "2025-12-20T11:42:33Z", "group_seed": 313131, "usermane": "christopher", "hash_mode": "", "protection_flags": null, "result": "fail", "latency_ms": 0.6252999883145094}
{"timestamp": "2025-12-20T11:42:33Z", "group_seed": 313131, "usermane": "christopher", "hash_mode": "", "protection_flags": null, "result": "fail", "latency_ms": 0.6130000110715628}
{"timestamp": "2025-12-20T11:42:33Z", "group_seed": 313131, "usermane": "michael", "hash_mode": "", "protection_flags": null, "result": "fail", "latency_ms": 0.8414000039920211}
{"timestamp": "2025-12-20T11:42:33Z", "group_seed": 313131, "usermane": "michael", "hash_mode": "", "protection_flags": null, "result": "fail", "latency_ms": 0.824799994006753}
{"timestamp": "2025-12-20T11:42:33Z", "group_seed": 313131, "usermane": "michael", "hash_mode": "", "protection_flags": null, "result": "fail", "latency_ms": 0.7330999942496419}
{"timestamp": "2025-12-20T11:42:33Z", "group_seed": 313131, "usermane": "michael", "hash_mode": "", "protection_flags": null, "result": "fail", "latency_ms": 0.7869999972172081}
{"timestamp": "2025-12-20T11:42:33Z", "group_seed": 313131, "usermane": "michael", "hash_mode": "", "protection_flags": null, "result": "fail", "latency_ms": 0.7662000134587288}
{"timestamp": "2025-12-20T11:42:33Z", "group_seed": 313131, "usermane": "michael", "hash_mode": "", "protection_flags": null, "result": "fail", "latency_ms": 0.5770999705418944}
{"timestamp": "2025-12-20T11:42:33Z", "group_seed": 313131, "usermane": "michael", "hash_mode": "", "protection_flags": null, "result": "fail", "latency_ms": 0.6464999751187861}
{"timestamp": "2025-12-20T11:42:33Z", "group_seed": 313131, "usermane": "michael", "hash_mode": "", "protection_flags": null, "result": "fail", "latency_ms": 0.5949999904260039}
{"timestamp": "2025-12-20T11:42:33Z", "group_seed": 313131, "usermane": "michael", "hash_mode": "", "protection_flags": null, "result": "fail", "latency_ms": 0.6964000058360398}
{"timestamp": "2025-12-20T11:42:33Z", "group_seed": 313131, "usermane": "leo", "hash_mode": "", "protection_flags": null, "result": "fail", "latency_ms": 0.6689000292681158}
{"timestamp": "2025-12-20T11:42:33Z", "group_seed": 313131, "usermane": "leo", "hash_mode": "", "protection_flags": null, "result": "fail", "latency_ms": 0.7646000012755394}
{"timestamp": "2025-12-20T11:42:33Z", "group_seed": 313131, "usermane": "leo", "hash_mode": "", "protection_flags": null, "result": "fail", "latency_ms": 0.7391999824903905}
{"timestamp": "2025-12-20T11:42:33Z", "group_seed": 313131, "usermane": "leo", "hash_mode": "", "protection_flags": null, "result": "fail", "latency_ms": 0.9469999931752682}
{"timestamp": "2025-12-20T11:42:33Z", "group_seed": 313131, "usermane": "leo", "hash_mode": "", "protection_flags": null, "result": "fail", "latency_ms": 0.8749000262469053}
{"timestamp": "2025-12-20T11:42:33Z", "group_seed": 313131, "usermane": "leo", "hash_mode": "", "protection_flags": null, "result": "fail", "latency_ms": 0.7611999753862619}
{"timestamp": "2025-12-20T11:42:34Z", "group_seed": 313131, "usermane": "leo", "hash_mode": "", "protection_flags": null, "result": "fail", "latency_ms": 0.8702999912202358}
{"timestamp": "2025-12-20T11:42:34Z", "group_seed": 313131, "usermane": "leo", "hash_mode": "", "protection_flags": null, "result": "fail", "latency_ms": 0.6929999799467623}
{"timestamp": "2025-12-20T11:42:34Z", "group_seed": 313131, "usermane": "leo", "hash_mode": "", "protection_flags": null, "result": "fail", "latency_ms": 0.6781999836675823}
{"timestamp": "2025-12-20T11:42:34Z", "group_seed": 313131, "usermane": "admin", "hash_mode": "", "protection_flags": null, "result": "fail", "latency_ms": 0.9542999905534089}
{"timestamp": "2025-12-20T11:42:34Z", "group_seed": 313131, "usermane": "admin", "hash_mode": "", "protection_flags": null, "result": "fail", "latency_ms": 0.6219000206328928}
{"timestamp": "2025-12-20T11:42:34Z", "group_seed": 313131, "usermane": "admin", "hash_mode": "", "protection_flags": null, "result": "fail", "latency_ms": 0.7192000048235059}
{"timestamp": "2025-12-20T11:42:34Z", "group_seed": 313131, "usermane": "admin", "hash_mode": "", "protection_flags": null, "result": "fail", "latency_ms": 0.7743999594822526}
{"timestamp": "2025-12-20T11:42:34Z", "group_seed": 313131, "usermane": "admin", "hash_mode": "", "protection_flags": null, "result": "fail", "latency_ms": 0.6694000330753624}
{"timestamp": "2025-12-20T11:42:34Z", "group_seed": 313131, "usermane": "admin", "hash_mode": "", "protection_flags": null, "result": "fail", "latency_ms": 0.7182000554166734}
{"timestamp": "2025-12-20T11:42:34Z", "group_seed": 313131, "usermane": "admin", "hash_mode": "", "protection_flags": null, "result": "fail", "latency_ms": 0.9722999529913068}
{"timestamp": "2025-12-20T11:42:34Z", "group_seed": 313131, "usermane": "admin", "hash_mode": "", "protection_flags": null, "result": "fail", "latency_ms": 0.7140000234358013}
{"timestamp": "2025-12-20T11:42:34Z", "group_seed": 313131, "usermane": "admin", "hash_mode": "", "protection_flags": null, "result": "fail", "latency_ms": 1.5130999963730574}
{"timestamp": "2025-12-20T11:42:34Z", "group_seed": 313131, "usermane": "jeremy", "hash_mode": "", "protection_flags": null, "result": "fail", "latency_ms": 1.3253000215627253}
{"timestamp": "2025-12-20T11:42:34Z", "group_seed": 313131, "usermane": "jeremy", "hash_mode": "", "protection_flags": null, "result": "fail", "latency_ms": 0.6905999616719782}
{"timestamp": "2025-12-20T11:42:34Z", "group_seed": 313131, "usermane": "jeremy", "hash_mode": "", "protection_flags": null, "result": "fail", "latency_ms": 0.7565999985672534}
{"timestamp": "2025-12-20T11:42:34Z", "group_seed": 313131, "usermane": "jeremy", "hash_mode": "", "protection_flags": null, "result": "fail", "latency_ms": 0.7118000066839159}
{"timestamp": "2025-12-20T11:42:34Z", "group_seed": 313131, "usermane": "jeremy", "hash_mode": "", "protection_flags": null, "result": "fail", "latency_ms": 0.5648999940603971}
{"timestamp": "2025-12-20T11:42:34Z", "group_seed": 313131, "usermane": "jeremy", "hash_mode": "", "protection_flags": null, "result": "fail", "latency_ms": 2.0460999803617597}
{"timestamp": "2025-12-20T11:42:35Z", "group_seed": 313131, "usermane": "jeremy", "hash_mode": "", "protection_flags": null, "result": "fail", "latency_ms": 2.459400042425841}
{"timestamp": "2025-12-20T11:42:35Z", "group_seed": 313131, "usermane": "jeremy", "hash_mode": "", "protection_flags": null, "result": "fail", "latency_ms": 1.617999980226159}
{"timestamp": "2025-12-20T11:42:35Z", "group_seed": 313131, "usermane": "jeremy", "hash_mode": "", "protection_flags": null, "result": "fail", "latency_ms": 0.6897000130265951}
{"timestamp": "2025-12-20T11:42:35Z", "group_seed": 313131, "usermane": "mark", "hash_mode": "", "protection_flags": null, "result": "fail", "latency_ms": 0.8018999942578375}
{"timestamp": "2025-12-20T11:42:35Z", "group_seed": 313131, "usermane": "mark", "hash_mode": "", "protection_flags": null, "result": "fail", "latency_ms": 1.1464999988675117}
{"timestamp": "2025-12-20T11:42:35Z", "group_seed": 313131, "usermane": "mark", "hash_mode": "", "protection_flags": null, "result": "fail", "latency_ms": 2.8306999593041837}
{"timestamp": "2025-12-20T11:42:35Z", "group_seed": 313131, "usermane": "mark", "hash_mode": "", "protection_flags": null, "result": "fail", "latency_ms": 1.2823000433854759}
{"timestamp": "2025-12-20T11:42:35Z", "group_seed": 313131, "usermane": "mark", "hash_mode": "", "protection_flags": null, "result": "fail", "latency_ms": 0.8514000219292939}
{"timestamp": "2025-12-20T11:42:35Z", "group_seed": 313131, "usermane": "mark", "hash_mode": "", "protection_flags": null, "result": "fail", "latency_ms": 1.050200022291392}
{"timestamp": "2025-12-20T11:42:35Z", "group_seed": 313131, "usermane": "mark", "hash_mode": "", "protection_flags": null, "result": "fail", "latency_ms": 0.7969000143930316}
{"timestamp": "2025-12-20T11:42:35Z", "group_seed": 313131, "usermane": "mark", "hash_mode": "", "protection_flags": null, "result": "fail", "latency_ms": 0.6895000115036964}
{"timestamp": "2025-12-20T11:42:35Z", "group_seed": 313131, "usermane": "mark", "hash_mode": "", "protection_flags": null, "result": "fail", "latency_ms": 0.7202000124379992}
{"timestamp": "2025-12-20T11:42:35Z", "group_seed": 313131, "usermane": "jason", "hash_mode": "", "protection_flags": null, "result": "fail", "latency_ms": 0.6128000095486641}
{"timestamp": "2025-12-20T11:42:35Z", "group_seed": 313131, "usermane": "jason", "hash_mode": "", "protection_flags": null, "result": "fail", "latency_ms": 0.9123000199906528}
{"timestamp": "2025-12-20T11:42:35Z", "group_seed": 313131, "usermane": "jason", "hash_mode": "", "protection_flags": null, "result": "fail", "latency_ms": 1.167299982625991}
{"timestamp": "2025-12-20T11:42:35Z", "group_seed": 313131, "usermane": "jason", "hash_mode": "", "protection_flags": null, "result": "fail", "latency_ms": 0.7924000383354723}
{"timestamp": "2025-12-20T11:42:35Z", "group_seed": 313131, "usermane": "jason", "hash_mode": "", "protection_flags": null, "result": "fail", "latency_ms": 2.2151999874040484}
{"timestamp": "2025-12-20T11:42:36Z", "group_seed": 313131, "usermane": "jason", "hash_mode": "", "protection_flags": null, "result": "fail", "latency_ms": 0.6312999757938087}
{"timestamp": "2025-12-20T11:42:36Z", "group_seed": 313131, "usermane": "jason", "hash_mode": "", "protection_flags": null, "result": "fail", "latency_ms": 0.9564000065438449}
{"timestamp": "2025-12-20T11:42:36Z", "group_seed": 313131, "usermane": "jason", "hash_mode": "", "protection_flags": null, "result": "fail", "latency_ms": 0.7376999710686505}
{"timestamp": "2025-12-20T11:42:36Z", "group_seed": 313131, "usermane": "jason", "hash_mode": "", "protection_flags": null, "result": "fail", "latency_ms": 1.246199943125248}
{"timestamp": "2025-12-20T11:42:36Z", "group_seed": 313131, "usermane": "kevin", "hash_mode": "", "protection_flags": null, "result": "fail", "latency_ms": 0.6995999719947577}
{"timestamp": "2025-12-20T11:42:36Z", "group_seed": 313131, "usermane": "kevin", "hash_mode": "", "protection_flags": null, "result": "fail", "latency_ms": 0.9621999925002456}
{"timestamp": "2025-12-20T11:42:36Z", "group_seed": 313131, "usermane": "kevin", "hash_mode": "", "protection_flags": null, "result": "fail", "latency_ms": 0.8694999851286411}
{"timestamp": "2025-12-20T11:42:36Z", "group_seed": 313131, "usermane": "kevin", "hash_mode": "", "protection_flags": null, "result": "fail", "latency_ms": 1.2635000166483223}
{"timestamp": "2025-12-20T11:42:36Z", "group_seed": 313131, "usermane": "kevin", "hash_mode": "", "protection_flags": null, "result": "fail", "latency_ms": 1.4298000023700297}
{"timestamp": "2025-12-20T11:42:36Z", "group_seed": 313131, "usermane": "kevin", "hash_mode": "", "protection_flags": null, "result": "fail", "latency_ms": 2.3911999887786806}
{"timestamp": "2025-12-20T11:42:36Z", "group_seed": 313131, "usermane": "kevin", "hash_mode": "", "protection_flags": null, "result": "fail", "latency_ms": 2.8385999612510204}
{"timestamp": "2025-12-20T11:42:36Z", "group_seed": 313131, "usermane": "kevin", "hash_mode": "", "protection_flags": null, "result": "fail", "latency_ms": 1.0553000029176474}
{"timestamp": "2025-12-20T11:42:36Z", "group_seed": 313131, "usermane": "kevin", "hash_mode": "", "protection_flags": null, "result": "fail", "latency_ms": 0.796399952378124}
{"timestamp": "2025-12-20T11:42:36Z", "group_seed": 313131, "usermane": "andrew", "hash_mode": "", "protection_flags": null, "result": "fail", "latency_ms": 0.8386000408791006}
{"timestamp": "2025-12-20T11:42:36Z", "group_seed": 313131, "usermane": "andrew", "hash_mode": "", "protection_flags": null, "result": "fail", "latency_ms": 1.614099950529635}
{"timestamp": "2025-12-20T11:42:36Z", "group_seed": 313131, "usermane": "andrew", "hash_mode": "", "protection_flags": null, "result": "fail", "latency_ms": 1.5169999678619206}
{"timestamp": "2025-12-20T11:42:37Z", "group_seed": 313131, "usermane": "andrew", "hash_mode": "", "protection_flags": null, "result": "fail", "latency_ms": 0.8655000128783286}
{"timestamp": "2025-12-20T11:42:37Z", "group_seed": 313131, "usermane": "andrew", "hash_mode": "", "protection_flags": null, "result": "fail", "latency_ms": 0.6387999746948481}
{"timestamp": "2025-12-20T11:42:37Z", "group_seed": 313131, "usermane": "andrew", "hash_mode": "", "protection_flags": null, "result": "fail", "latency_ms": 1.631600025575608}
{"timestamp": "2025-12-20T11:42:37Z", "group_seed": 313131, "usermane": "andrew", "hash_mode": "", "protection_flags": null, "result": "fail", "latency_ms": 0.6451000226661563}
{"timestamp": "2025-12-20T11:42:37Z", "group_seed": 313131, "usermane": "andrew", "hash_mode": "", "protection_flags": null, "result": "fail", "latency_ms": 0.7768000359646976}
{"timestamp": "2025-12-20T11:42:37Z", "group_seed": 313131, "usermane": "andrew", "hash_mode": "", "protection_flags": null, "result": "fail", "latency_ms": 3.0322999809868634}
{"timestamp": "2025-12-20T11:42:37Z", "group_seed": 313131, "usermane": "jill", "hash_mode": "", "protection_flags": null, "result": "fail", "latency_ms": 1.0754000395536423}
{"timestamp": "2025-12-20T11:42:37Z", "group_seed": 313131, "usermane": "jill", "hash_mode": "", "protection_flags": null, "result": "fail", "latency_ms": 4.200299968943}
{"timestamp": "2025-12-20T11:42:37Z", "group_seed": 313131, "usermane": "jill", "hash_mode": "", "protection_flags": null, "result": "fail", "latency_ms": 2.3686999920755625}
{"timestamp": "2025-12-20T11:42:37Z", "group_seed": 313131, "usermane": "jill", "hash_mode": "", "protection_flags": null, "result": "fail", "latency_ms": 0.7586000137962401}
{"timestamp": "2025-12-20T11:42:37Z", "group_seed": 313131, "usermane": "jill", "hash_mode": "", "protection_flags": null, "result": "fail", "latency_ms": 0.7647000020369887}
{"timestamp": "2025-12-20T11:42:37Z", "group_seed": 313131, "usermane": "jill", "hash_mode": "", "protection_flags": null, "result": "fail", "latency_ms": 2.068399975541979}
{"timestamp": "2025-12-20T11:42:37Z", "group_seed": 313131, "usermane": "jill", "hash_mode": "", "protection_flags": null, "result": "fail", "latency_ms": 1.2731000315397978}
{"timestamp": "2025-12-20T11:42:37Z", "group_seed": 313131, "usermane": "jill", "hash_mode": "", "protection_flags": null, "result": "fail", "latency_ms": 2.7433999930508435}
{"timestamp": "2025-12-20T11:42:37Z", "group_seed": 313131, "usermane": "jill", "hash_mode": "", "protection_flags": null, "result": "fail", "latency_ms": 2.077499986626208}
{"timestamp": "2025-12-20T11:42:37Z", "group_seed": 313131, "usermane": "liam", "hash_mode": "", "protection_flags": null, "result": "fail", "latency_ms": 1.1727000237442553}
{"timestamp": "2025-12-20T11:42:38Z", "group_seed": 313131, "usermane": "liam", "hash_mode": "", "protection_flags": null, "result": "fail", "latency_ms": 1.3259000261314213}
{"timestamp": "2025-12-20T11:42:38Z", "group_seed": 313131, "usermane": "liam", "hash_mode": "", "protection_flags": null, "result": "fail", "latency_ms": 2.1687999833375216}
{"timestamp": "2025-12-20T11:42:38Z", "group_seed": 313131, "usermane": "liam", "hash_mode": "", "protection_flags": null, "result": "fail", "latency_ms": 0.9523999760858715}
{"timestamp": "2025-12-20T11:42:38Z", "group_seed": 313131, "usermane": "liam", "hash_mode": "", "protection_flags": null, "result": "fail", "latency_ms": 0.6862999871373177}
{"timestamp": "2025-12-20T11:42:38Z", "group_seed": 313131, "usermane": "liam", "hash_mode": "", "protection_flags": null, "result": "fail", "latency_ms": 2.3807999677956104}
{"timestamp": "2025-12-20T11:42:38Z", "group_seed": 313131, "usermane": "liam", "hash_mode": "", "protection_flags": null, "result": "fail", "latency_ms": 1.6462000203318894}
{"timestamp": "2025-12-20T11:42:38Z", "group_seed": 313131, "usermane": "liam", "hash_mode": "", "protection_flags": null, "result": "fail", "latency_ms": 0.6387999746948481}
{"timestamp": "2025-12-20T11:42:38Z", "group_seed": 313131, "usermane": "liam", "hash_mode": "", "protection_flags": null, "result": "fail", "latency_ms": 0.8990000351332128}
{"timestamp": "2025-12-20T11:42:38Z", "group_seed": 313131, "usermane": "steven", "hash_mode": "", "protection_flags": null, "result": "fail", "latency_ms": 1.68009998742491}
{"timestamp": "2025-12-20T11:42:38Z", "group_seed": 313131, "usermane": "steven", "hash_mode": "", "protection_flags": null, "result": "fail", "latency_ms": 0.8837999776005745}
{"timestamp": "2025-12-20T11:42:38Z", "group_seed": 313131, "usermane": "steven", "hash_mode": "", "protection_flags": null, "result": "fail", "latency_ms": 1.8188999965786934}
{"timestamp": "2025-12-20T11:42:38Z", "group_seed": 313131, "usermane": "steven", "hash_mode": "", "protection_flags": null, "result": "fail", "latency_ms": 0.7194000063464046}
{"timestamp": "2025-12-20T11:42:38Z", "group_seed": 313131, "usermane": "steven", "hash_mode": "", "protection_flags": null, "result": "fail", "latency_ms": 0.8559999987483025}
{"timestamp": "2025-12-20T11:42:38Z", "group_seed": 313131, "usermane": "steven", "hash_mode": "", "protection_flags": null, "result": "fail", "latency_ms": 1.461799954995513}
{"timestamp": "2025-12-20T11:42:38Z", "group_seed": 313131, "usermane": "steven", "hash_mode": "", "protection_flags": null, "result": "fail", "latency_ms": 0.9144000359810889}
{"timestamp": "2025-12-20T11:42:38Z", "group_seed": 313131, "usermane": "steven", "hash_mode": "", "protection_flags": null, "result": "fail", "latency_ms": 1.0008999961428344}
{"timestamp": "2025-12-20T11:42:38Z", "group_seed": 313131, "usermane": "steven", "hash_mode": "", "protection_flags": null, "result": "fail", "latency_ms": 1.3874999713152647}
{"timestamp": "2025-12-20T11:42:39Z", "group_seed": 313131, "usermane": "rome", "hash_mode": "", "protection_flags": null, "result": "fail", "latency_ms": 2.0183000015094876}
{"timestamp": "2025-12-20T11:42:39Z", "group_seed": 313131, "usermane": "rome", "hash_mode": "", "protection_flags": null, "result": "fail", "latency_ms": 0.6509000086225569}
{"timestamp": "2025-12-20T11:42:39Z", "group_seed": 313131, "usermane": "rome", "hash_mode": "", "protection_flags": null, "result": "fail", "latency_ms": 2.2108000121079385}
{"timestamp": "2025-12-20T11:42:39Z", "group_seed": 313131, "usermane": "rome", "hash_mode": "", "protection_flags": null, "result": "fail", "latency_ms": 0.6717999931424856}
{"timestamp": "2025-12-20T11:42:39Z", "group_seed": 313131, "usermane": "rome", "hash_mode": "", "protection_flags": null, "result": "fail", "latency_ms": 2.5707000168040395}
{"timestamp": "2025-12-20T11:42:39Z", "group_seed": 313131, "usermane": "rome", "hash_mode": "", "protection_flags": null, "result": "fail", "latency_ms": 1.7641999875195324}
{"timestamp": "2025-12-20T11:42:39Z", "group_seed": 313131, "usermane": "rome", "hash_mode": "", "protection_flags": null, "result": "fail", "latency_ms": 1.723600027617067}
{"timestamp": "2025-12-20T11:42:39Z", "group_seed": 313131, "usermane": "rome", "hash_mode": "", "protection_flags": null, "result": "fail", "latency_ms": 1.2804000289179385}
{"timestamp": "2025-12-20T11:42:39Z", "group_seed": 313131, "usermane": "rome", "hash_mode": "", "protection_flags": null, "result": "fail", "latency_ms": 5.993200000375509}
